<rdf:RDF xmlns:rdf="http://www.w3.org/1999/02/22-rdf-syntax-ns#" xmlns:rdfs="http://www.w3.org/2000/01/rdf-schema#" xmlns:cims="http://iec.ch/TC57/1999/rdf-schema-extensions-19990926#" xmlns:uml="http://langdale.com.au/2005/UML#" xmlns:xsd="http://www.w3.org/2001/XMLSchema#" xml:base="http://iec.ch/TC57/test">
	<rdf:Description rdf:about="#AngleDegrees">
		<rdf:type rdf:resource="http://www.w3.org/2000/01/rdf-schema#Class"/>
		<rdfs:label>#AngleDegrees</rdfs:label>
		<rdfs:comment>Measurement of angle in degrees.</rdfs:comment>
		<cims:belongsToCategory rdf:resource="#Package_Domain"/>
		<cims:stereotype rdf:resource="http://langdale.com.au/2005/UML#cimdatatype"/>
	</rdf:Description>
	<rdf:Description rdf:about="#ApparentPower">
		<rdf:type rdf:resource="http://www.w3.org/2000/01/rdf-schema#Class"/>
		<rdfs:label>#ApparentPower</rdfs:label>
		<rdfs:comment>Product of the RMS value of the voltage and the RMS value of the current.</rdfs:comment>
		<cims:belongsToCategory rdf:resource="#Package_Domain"/>
		<cims:stereotype rdf:resource="http://langdale.com.au/2005/UML#cimdatatype"/>
	</rdf:Description>
	<rdf:Description rdf:about="#Asset">
		<rdf:type rdf:resource="http://www.w3.org/2000/01/rdf-schema#Class"/>
		<rdfs:label>#Asset</rdfs:label>
		<rdfs:comment>Tangible resource of the utility, including power system equipment, various end devices, cabinets, buildings, etc. For electrical network equipment, the role of the asset is defined through PowerSystemResource and its subclasses, defined mainly in the Wires model (refer to IEC61970-301 and model package IEC61970::Wires). Asset description places emphasis on the physical characteristics of the equipment fulfilling that role.</rdfs:comment>
		<cims:belongsToCategory rdf:resource="#Package_Assets"/>
		<rdfs:subClassOf rdf:resource="#IdentifiedObject"/>
	</rdf:Description>
	<rdf:Description rdf:about="#AssetInfo">
		<rdf:type rdf:resource="http://www.w3.org/2000/01/rdf-schema#Class"/>
		<rdfs:label>#AssetInfo</rdfs:label>
		<rdfs:comment>Set of attributes of an asset, representing typical datasheet information of a physical device that can be instantiated and shared in different data exchange contexts:
- as attributes of an asset instance (installed or in stock)
- as attributes of an asset model (product by a manufacturer)
- as attributes of a type asset (generic type of an asset as used in designs/extension planning).</rdfs:comment>
		<cims:belongsToCategory rdf:resource="#Package_Assets"/>
		<rdfs:subClassOf rdf:resource="#IdentifiedObject"/>
	</rdf:Description>
	<rdf:Description rdf:about="#BaseVoltage">
		<rdf:type rdf:resource="http://www.w3.org/2000/01/rdf-schema#Class"/>
		<rdfs:label>#BaseVoltage</rdfs:label>
		<rdfs:comment>Defines a system base voltage which is referenced.</rdfs:comment>
		<cims:belongsToCategory rdf:resource="#Package_Core"/>
		<rdfs:subClassOf rdf:resource="#IdentifiedObject"/>
	</rdf:Description>
	<rdf:Description rdf:about="#ChangeSetMember">
		<rdf:type rdf:resource="http://www.w3.org/2000/01/rdf-schema#Class"/>
		<rdfs:label>#ChangeSetMember</rdfs:label>
		<rdfs:comment>A CRUD-style data object.</rdfs:comment>
		<cims:belongsToCategory rdf:resource="#Package_GenericDataSet"/>
	</rdf:Description>
	<rdf:Description rdf:about="#ClearanceDocument">
		<rdf:type rdf:resource="http://www.w3.org/2000/01/rdf-schema#Class"/>
		<rdfs:label>#ClearanceDocument</rdfs:label>
		<rdfs:comment>Safety document used to authorise work on conducting equipment in the field. Tagged equipment is not allowed to be operated.</rdfs:comment>
		<cims:belongsToCategory rdf:resource="#Package_Operations"/>
		<rdfs:subClassOf rdf:resource="#IdentifiedObject"/>
	</rdf:Description>
	<rdf:Description rdf:about="#Conductance">
		<rdf:type rdf:resource="http://www.w3.org/2000/01/rdf-schema#Class"/>
		<rdfs:label>#Conductance</rdfs:label>
		<rdfs:comment>Factor by which voltage must be multiplied to give corresponding power lost from a circuit. Real part of admittance.</rdfs:comment>
		<cims:belongsToCategory rdf:resource="#Package_Domain"/>
		<cims:stereotype rdf:resource="http://langdale.com.au/2005/UML#cimdatatype"/>
	</rdf:Description>
	<rdf:Description rdf:about="#ConductingEquipment">
		<rdf:type rdf:resource="http://www.w3.org/2000/01/rdf-schema#Class"/>
		<rdfs:label>#ConductingEquipment</rdfs:label>
		<rdfs:comment>The parts of the AC power system that are designed to carry current or that are conductively connected through terminals.</rdfs:comment>
		<cims:belongsToCategory rdf:resource="#Package_Core"/>
		<rdfs:subClassOf rdf:resource="#PowerSystemResource"/>
	</rdf:Description>
	<rdf:Description rdf:about="#ConfigurationEvent">
		<rdf:type rdf:resource="http://www.w3.org/2000/01/rdf-schema#Class"/>
		<rdfs:label>#ConfigurationEvent</rdfs:label>
		<rdfs:comment>Used to report details on creation, change or deletion of an entity or its configuration.</rdfs:comment>
		<cims:belongsToCategory rdf:resource="#Package_Common"/>
		<rdfs:subClassOf rdf:resource="#IdentifiedObject"/>
	</rdf:Description>
	<rdf:Description rdf:about="#ContingencyEquipment">
		<rdf:type rdf:resource="http://www.w3.org/2000/01/rdf-schema#Class"/>
		<rdfs:label>#ContingencyEquipment</rdfs:label>
		<rdfs:comment>Equipment whose in service status is to change, such as a power transformer or AC line segment.</rdfs:comment>
		<cims:belongsToCategory rdf:resource="#Package_Contingency"/>
		<rdfs:subClassOf rdf:resource="#IdentifiedObject"/>
	</rdf:Description>
	<rdf:Description rdf:about="#Control">
		<rdf:type rdf:resource="http://www.w3.org/2000/01/rdf-schema#Class"/>
		<rdfs:label>#Control</rdfs:label>
		<rdfs:comment>Control is used for supervisory/device control. It represents control outputs that are used to change the state in a process, e.g. close or open breaker, a set point value or a raise lower command.</rdfs:comment>
		<cims:belongsToCategory rdf:resource="#Package_Meas"/>
		<rdfs:subClassOf rdf:resource="#IdentifiedObject"/>
	</rdf:Description>
	<rdf:Description rdf:about="#CurrentFlow">
		<rdf:type rdf:resource="http://www.w3.org/2000/01/rdf-schema#Class"/>
		<rdfs:label>#CurrentFlow</rdfs:label>
		<rdfs:comment>Electrical current with sign convention: positive flow is out of the conducting equipment into the connectivity node. Can be both AC and DC.</rdfs:comment>
		<cims:belongsToCategory rdf:resource="#Package_Domain"/>
		<cims:stereotype rdf:resource="http://langdale.com.au/2005/UML#cimdatatype"/>
	</rdf:Description>
	<rdf:Description rdf:about="#DiagramObject">
		<rdf:type rdf:resource="http://www.w3.org/2000/01/rdf-schema#Class"/>
		<rdfs:label>#DiagramObject</rdfs:label>
		<rdfs:comment>An object that defines one or more points in a given space. This object can be associated with anything that specializes IdentifiedObject. For single line diagrams such objects typically include such items as analog values, breakers, disconnectors, power transformers, and transmission lines.</rdfs:comment>
		<cims:belongsToCategory rdf:resource="#Package_DiagramLayout"/>
		<rdfs:subClassOf rdf:resource="#IdentifiedObject"/>
	</rdf:Description>
	<rdf:Description rdf:about="#EquipmentContainer">
		<rdf:type rdf:resource="http://www.w3.org/2000/01/rdf-schema#Class"/>
		<rdfs:label>#EquipmentContainer</rdfs:label>
		<rdfs:comment>A modelling construct to provide a root class for containing equipment.</rdfs:comment>
		<cims:belongsToCategory rdf:resource="#Package_Core"/>
		<rdfs:subClassOf rdf:resource="#PowerSystemResource"/>
	</rdf:Description>
	<rdf:Description rdf:about="#EquipmentLimitSeriesComponent">
		<rdf:type rdf:resource="http://www.w3.org/2000/01/rdf-schema#Class"/>
		<rdfs:label>#EquipmentLimitSeriesComponent</rdfs:label>
		<rdfs:comment>This represents one instance of an equipment that contributes to the calculation of an operational limit.</rdfs:comment>
		<cims:belongsToCategory rdf:resource="#Package_InfOperationalLimits"/>
		<rdfs:subClassOf rdf:resource="#IdentifiedObject"/>
	</rdf:Description>
	<rdf:Description rdf:about="#EquipmentUnavailabilitySchedule">
		<rdf:type rdf:resource="http://www.w3.org/2000/01/rdf-schema#Class"/>
		<rdfs:label>#EquipmentUnavailabilitySchedule</rdfs:label>
		<cims:belongsToCategory rdf:resource="#Package_InfAvailabilityPlans"/>
		<rdfs:subClassOf rdf:resource="#IdentifiedObject"/>
	</rdf:Description>
	<rdf:Description rdf:about="#Fault">
		<rdf:type rdf:resource="http://www.w3.org/2000/01/rdf-schema#Class"/>
		<rdfs:label>#Fault</rdfs:label>
		<rdfs:comment>Abnormal condition causing current flow through conducting equipment, such as caused by equipment failure or short circuits from objects not typically modelled (for example, a tree falling on a line).</rdfs:comment>
		<cims:belongsToCategory rdf:resource="#Package_Faults"/>
		<rdfs:subClassOf rdf:resource="#IdentifiedObject"/>
	</rdf:Description>
	<rdf:Description rdf:about="#GenericAction">
		<rdf:type rdf:resource="http://www.w3.org/2000/01/rdf-schema#Class"/>
		<rdfs:label>#GenericAction</rdfs:label>
		<rdfs:comment>An arbitrary switching step.</rdfs:comment>
		<cims:belongsToCategory rdf:resource="#Package_Operations"/>
		<rdfs:subClassOf rdf:resource="#IdentifiedObject"/>
	</rdf:Description>
	<rdf:Description rdf:about="#GroundAction">
		<rdf:type rdf:resource="http://www.w3.org/2000/01/rdf-schema#Class"/>
		<rdfs:label>#GroundAction</rdfs:label>
		<rdfs:comment>Action on ground as a switching step.</rdfs:comment>
		<cims:belongsToCategory rdf:resource="#Package_Operations"/>
		<rdfs:subClassOf rdf:resource="#IdentifiedObject"/>
	</rdf:Description>
	<rdf:Description rdf:about="#InstanceSet">
		<rdf:type rdf:resource="http://www.w3.org/2000/01/rdf-schema#Class"/>
		<rdfs:label>#InstanceSet</rdfs:label>
		<rdfs:comment>Instance of a version of a model part.   This corresponds to a payload of instance data.</rdfs:comment>
		<cims:belongsToCategory rdf:resource="#Package_GenericDataSet"/>
	</rdf:Description>
	<rdf:Description rdf:about="#JumperAction">
		<rdf:type rdf:resource="http://www.w3.org/2000/01/rdf-schema#Class"/>
		<rdfs:label>#JumperAction</rdfs:label>
		<rdfs:comment>Action on jumper as a switching step.</rdfs:comment>
		<cims:belongsToCategory rdf:resource="#Package_Operations"/>
		<rdfs:subClassOf rdf:resource="#IdentifiedObject"/>
	</rdf:Description>
	<rdf:Description rdf:about="#LimitDependency">
		<rdf:type rdf:resource="http://www.w3.org/2000/01/rdf-schema#Class"/>
		<rdfs:label>#LimitDependency</rdfs:label>
		<rdfs:comment>A limit calculation model used to compute an operational limit based on external input such as temperature. These are intended to be shared among operational limits with the same calculation form that apply to a piece of equipment..</rdfs:comment>
		<cims:belongsToCategory rdf:resource="#Package_InfOperationalLimits"/>
		<rdfs:subClassOf rdf:resource="#IdentifiedObject"/>
	</rdf:Description>
	<rdf:Description rdf:about="#Location">
		<rdf:type rdf:resource="http://www.w3.org/2000/01/rdf-schema#Class"/>
		<rdfs:label>#Location</rdfs:label>
		<rdfs:comment>The place, scene, or point of something where someone or something has been, is, and/or will be at a given moment in time. It can be defined with one or more position points (coordinates) in a given coordinate system.</rdfs:comment>
		<cims:belongsToCategory rdf:resource="#Package_Common"/>
		<rdfs:subClassOf rdf:resource="#IdentifiedObject"/>
	</rdf:Description>
	<rdf:Description rdf:about="#Measurement">
		<rdf:type rdf:resource="http://www.w3.org/2000/01/rdf-schema#Class"/>
		<rdfs:label>#Measurement</rdfs:label>
		<rdfs:comment>A Measurement represents any measured, calculated or non-measured non-calculated quantity. Any piece of equipment may contain Measurements, e.g. a substation may have temperature measurements and door open indications, a transformer may have oil temperature and tank pressure measurements, a bay may contain a number of power flow measurements and a Breaker may contain a switch status measurement. 
The PSR - Measurement association is intended to capture this use of Measurement and is included in the naming hierarchy based on EquipmentContainer. The naming hierarchy typically has Measurements as leaves, e.g. Substation-VoltageLevel-Bay-Switch-Measurement.
Some Measurements represent quantities related to a particular sensor location in the network, e.g. a voltage transformer (VT) or potential transformer (PT) at a busbar or a current transformer (CT) at the bar between a breaker and an isolator. The sensing position is not captured in the PSR - Measurement association. Instead it is captured by the Measurement - Terminal association that is used to define the sensing location in the network topology. The location is defined by the connection of the Terminal to ConductingEquipment. 
If both a Terminal and PSR are associated, and the PSR is of type ConductingEquipment, the associated Terminal should belong to that ConductingEquipment instance.
When the sensor location is needed both Measurement-PSR and Measurement-Terminal are used. The Measurement-Terminal association is never used alone.</rdfs:comment>
		<cims:belongsToCategory rdf:resource="#Package_Meas"/>
		<rdfs:subClassOf rdf:resource="#IdentifiedObject"/>
	</rdf:Description>
	<rdf:Description rdf:about="#Name">
		<rdf:type rdf:resource="http://www.w3.org/2000/01/rdf-schema#Class"/>
		<rdfs:label>#Name</rdfs:label>
		<rdfs:comment>The Name class provides the means to define any number of human readable  names for an object. A name is &lt;b&gt;not&lt;/b&gt; to be used for defining inter-object relationships. For inter-object relationships instead use the object identification 'mRID'.</rdfs:comment>
		<cims:belongsToCategory rdf:resource="#Package_Core"/>
	</rdf:Description>
	<rdf:Description rdf:about="#OperatingShare">
		<rdf:type rdf:resource="http://www.w3.org/2000/01/rdf-schema#Class"/>
		<rdfs:label>#OperatingShare</rdfs:label>
		<rdfs:comment>Specifies the operations contract relationship between a power system resource and a contract participant.</rdfs:comment>
		<cims:belongsToCategory rdf:resource="#Package_Core"/>
	</rdf:Description>
	<rdf:Description rdf:about="#OperationalLimitSet">
		<rdf:type rdf:resource="http://www.w3.org/2000/01/rdf-schema#Class"/>
		<rdfs:label>#OperationalLimitSet</rdfs:label>
		<rdfs:comment>A set of limits associated with equipment.  Sets of limits might apply to a specific temperature, or season for example. A set of limits may contain different severities of limit levels that would apply to the same equipment. The set may contain limits of different types such as apparent power and current limits or high and low voltage limits  that are logically applied together as a set.</rdfs:comment>
		<cims:belongsToCategory rdf:resource="#Package_OperationalLimits"/>
		<rdfs:subClassOf rdf:resource="#IdentifiedObject"/>
	</rdf:Description>
	<rdf:Description rdf:about="#OperationalRestriction">
		<rdf:type rdf:resource="http://www.w3.org/2000/01/rdf-schema#Class"/>
		<rdfs:label>#OperationalRestriction</rdfs:label>
		<rdfs:comment>A document that can be associated with equipment to describe any sort of restrictions compared with the original manufacturer's specification or with the usual operational practice e.g. temporary maximum loadings, maximum switching current, do not operate if bus couplers are open, etc.
In the UK, for example, if a breaker or switch ever mal-operates, this is reported centrally and utilities use their asset systems to identify all the installed devices of the same manufacturer's type. They then apply operational restrictions in the operational systems to warn operators of potential problems. After appropriate inspection and maintenance, the operational restrictions may be removed.</rdfs:comment>
		<cims:belongsToCategory rdf:resource="#Package_Operations"/>
		<rdfs:subClassOf rdf:resource="#IdentifiedObject"/>
	</rdf:Description>
	<rdf:Description rdf:about="#OperationalTag">
		<rdf:type rdf:resource="http://www.w3.org/2000/01/rdf-schema#Class"/>
		<rdfs:label>#OperationalTag</rdfs:label>
		<rdfs:comment>Operational tag placed on a power system resource or asset in the context of switching plan execution or other work in the field.</rdfs:comment>
		<cims:belongsToCategory rdf:resource="#Package_Operations"/>
		<rdfs:subClassOf rdf:resource="#IdentifiedObject"/>
	</rdf:Description>
	<rdf:Description rdf:about="#Outage">
		<rdf:type rdf:resource="http://www.w3.org/2000/01/rdf-schema#Class"/>
		<rdfs:label>#Outage</rdfs:label>
		<rdfs:comment>Document describing details of an active or planned outage in a part of the electrical network.
A non-planned outage may be created upon:
- a breaker trip,
- a fault indicator status change,
- a meter event indicating customer outage,
- a reception of one or more customer trouble calls, or
- an operator command, reflecting information obtained from the field crew.
Outage restoration may be performed using a switching plan which complements the outage information with detailed switching activities, including the relationship to the crew and work.
A planned outage may be created upon:
- a request for service, maintenance or construction work in the field, or
- an operator-defined outage for what-if/contingency network analysis.</rdfs:comment>
		<cims:belongsToCategory rdf:resource="#Package_Operations"/>
		<rdfs:subClassOf rdf:resource="#IdentifiedObject"/>
	</rdf:Description>
	<rdf:Description rdf:about="#PSREvent">
		<rdf:type rdf:resource="http://www.w3.org/2000/01/rdf-schema#Class"/>
		<rdfs:label>#PSREvent</rdfs:label>
		<rdfs:comment>Event recording the change in operational status of a power system resource; may be for an event that has already occurred or for a planned activity.</rdfs:comment>
		<cims:belongsToCategory rdf:resource="#Package_Operations"/>
		<rdfs:subClassOf rdf:resource="#IdentifiedObject"/>
	</rdf:Description>
	<rdf:Description rdf:about="#PSRType">
		<rdf:type rdf:resource="http://www.w3.org/2000/01/rdf-schema#Class"/>
		<rdfs:label>#PSRType</rdfs:label>
		<rdfs:comment>Classifying instances of the same class, e.g. overhead and underground ACLineSegments. This classification mechanism is intended to provide flexibility outside the scope of this document, i.e. provide customisation that is non standard.</rdfs:comment>
		<cims:belongsToCategory rdf:resource="#Package_Core"/>
		<rdfs:subClassOf rdf:resource="#IdentifiedObject"/>
	</rdf:Description>
	<rdf:Description rdf:about="#PerCent">
		<rdf:type rdf:resource="http://www.w3.org/2000/01/rdf-schema#Class"/>
		<rdfs:label>#PerCent</rdfs:label>
		<rdfs:comment>Percentage on a defined base.   For example, specify as 100 to indicate at the defined base.</rdfs:comment>
		<cims:belongsToCategory rdf:resource="#Package_Domain"/>
		<cims:stereotype rdf:resource="http://langdale.com.au/2005/UML#cimdatatype"/>
	</rdf:Description>
	<rdf:Description rdf:about="#PhaseTapChanger">
		<rdf:type rdf:resource="http://www.w3.org/2000/01/rdf-schema#Class"/>
		<rdfs:label>#PhaseTapChanger</rdfs:label>
		<rdfs:comment>A transformer phase shifting tap model that controls the phase angle difference across the power transformer and potentially the active power flow through the power transformer.  This phase tap model may also impact the voltage magnitude.</rdfs:comment>
		<cims:belongsToCategory rdf:resource="#Package_Wires"/>
		<rdfs:subClassOf rdf:resource="#PowerSystemResource"/>
	</rdf:Description>
	<rdf:Description rdf:about="#PinEquipment">
		<rdf:type rdf:resource="http://www.w3.org/2000/01/rdf-schema#Class"/>
		<rdfs:label>#PinEquipment</rdfs:label>
		<rdfs:comment>Value associated with Equipment is used as compare.</rdfs:comment>
		<cims:belongsToCategory rdf:resource="#Package_InfSIPS"/>
		<rdfs:subClassOf rdf:resource="#IdentifiedObject"/>
	</rdf:Description>
	<rdf:Description rdf:about="#PowerTransformer">
		<rdf:type rdf:resource="http://www.w3.org/2000/01/rdf-schema#Class"/>
		<rdfs:label>#PowerTransformer</rdfs:label>
		<rdfs:comment>An electrical device consisting of  two or more coupled windings, with or without a magnetic core, for introducing mutual coupling between electric circuits. Transformers can be used to control voltage and phase shift (active power flow).
A power transformer may be composed of separate transformer tanks that need not be identical.
A power transformer can be modelled with or without tanks and is intended for use in both balanced and unbalanced representations.   A power transformer typically has two terminals, but may have one (grounding), three or more terminals.
The inherited association ConductingEquipment.BaseVoltage should not be used.  The association from TransformerEnd to BaseVoltage should be used instead.</rdfs:comment>
		<cims:belongsToCategory rdf:resource="#Package_PowerTransformer"/>
		<rdfs:subClassOf rdf:resource="#ConductingEquipment"/>
	</rdf:Description>
	<rdf:Description rdf:about="#PowerTransformer.PowerTransformerEnd">
		<rdf:type rdf:resource="http://www.w3.org/1999/02/22-rdf-syntax-ns#Property"/>
		<rdfs:label>PowerTransformerEnd</rdfs:label>
		<rdfs:comment>The ends of this power transformer.</rdfs:comment>
		<rdfs:domain rdf:resource="#PowerTransformer"/>
		<rdfs:range rdf:resource="#PowerTransformerEnd"/>
		<cims:multiplicity rdf:resource="http://iec.ch/TC57/1999/rdf-schema-extensions-19990926#M:0..n"/>
		<cims:inverseRoleName rdf:resource="#PowerTransformerEnd.PowerTransformer"/>
	</rdf:Description>
	<rdf:Description rdf:about="#PowerTransformer.TransformerTanks">
		<rdf:type rdf:resource="http://www.w3.org/1999/02/22-rdf-syntax-ns#Property"/>
		<rdfs:label>TransformerTanks</rdfs:label>
		<rdfs:comment>All transformers that belong to this bank.</rdfs:comment>
		<rdfs:domain rdf:resource="#PowerTransformer"/>
		<rdfs:range rdf:resource="#TransformerTank"/>
		<cims:multiplicity rdf:resource="http://iec.ch/TC57/1999/rdf-schema-extensions-19990926#M:0..n"/>
		<cims:inverseRoleName rdf:resource="#TransformerTank.PowerTransformer"/>
	</rdf:Description>
	<rdf:Description rdf:about="#PowerTransformer.beforeShCircuitHighestOperatingCurrent">
		<rdf:type rdf:resource="http://www.w3.org/1999/02/22-rdf-syntax-ns#Property"/>
		<rdfs:label>beforeShCircuitHighestOperatingCurrent</rdfs:label>
		<rdfs:comment>The highest operating current (Ib in IEC 60909-0) before short circuit (depends on network configuration and relevant reliability philosophy). It is used for calculation of the impedance correction factor KT defined in IEC 60909-0.</rdfs:comment>
		<rdfs:domain rdf:resource="#PowerTransformer"/>
		<cims:dataType rdf:resource="#CurrentFlow"/>
		<cims:multiplicity rdf:resource="http://iec.ch/TC57/1999/rdf-schema-extensions-19990926#M:0..1"/>
		<cims:stereotype rdf:resource="http://langdale.com.au/2005/UML#attribute"/>
	</rdf:Description>
	<rdf:Description rdf:about="#PowerTransformer.beforeShCircuitHighestOperatingVoltage">
		<rdf:type rdf:resource="http://www.w3.org/1999/02/22-rdf-syntax-ns#Property"/>
		<rdfs:label>beforeShCircuitHighestOperatingVoltage</rdfs:label>
		<rdfs:comment>The highest operating voltage (Ub in IEC 60909-0) before short circuit. It is used for calculation of the impedance correction factor KT defined in IEC 60909-0. This is worst case voltage on the low side winding (3.7.1 of IEC 60909:2001). Used to define operating conditions.</rdfs:comment>
		<rdfs:domain rdf:resource="#PowerTransformer"/>
		<cims:dataType rdf:resource="#Voltage"/>
		<cims:multiplicity rdf:resource="http://iec.ch/TC57/1999/rdf-schema-extensions-19990926#M:0..1"/>
		<cims:stereotype rdf:resource="http://langdale.com.au/2005/UML#attribute"/>
	</rdf:Description>
	<rdf:Description rdf:about="#PowerTransformer.beforeShortCircuitAnglePf">
		<rdf:type rdf:resource="http://www.w3.org/1999/02/22-rdf-syntax-ns#Property"/>
		<rdfs:label>beforeShortCircuitAnglePf</rdfs:label>
		<rdfs:comment>The angle of power factor before short circuit (phib in IEC 60909-0). It is used for calculation of the impedance correction factor KT defined in IEC 60909-0. This is the worst case power factor. Used to define operating conditions.</rdfs:comment>
		<rdfs:domain rdf:resource="#PowerTransformer"/>
		<cims:dataType rdf:resource="#AngleDegrees"/>
		<cims:multiplicity rdf:resource="http://iec.ch/TC57/1999/rdf-schema-extensions-19990926#M:0..1"/>
		<cims:stereotype rdf:resource="http://langdale.com.au/2005/UML#attribute"/>
	</rdf:Description>
	<rdf:Description rdf:about="#PowerTransformer.highSideMinOperatingU">
		<rdf:type rdf:resource="http://www.w3.org/1999/02/22-rdf-syntax-ns#Property"/>
		<rdfs:label>highSideMinOperatingU</rdfs:label>
		<rdfs:comment>The minimum operating voltage (uQmin in IEC 60909-0) at the high voltage side (Q side) of the unit transformer of the power station unit. A value well established from long-term operating experience of the system. It is used for calculation of the impedance correction factor KG defined in IEC 60909-0.</rdfs:comment>
		<rdfs:domain rdf:resource="#PowerTransformer"/>
		<cims:dataType rdf:resource="#Voltage"/>
		<cims:multiplicity rdf:resource="http://iec.ch/TC57/1999/rdf-schema-extensions-19990926#M:0..1"/>
		<cims:stereotype rdf:resource="http://langdale.com.au/2005/UML#attribute"/>
	</rdf:Description>
	<rdf:Description rdf:about="#PowerTransformer.isPartOfGeneratorUnit">
		<rdf:type rdf:resource="http://www.w3.org/1999/02/22-rdf-syntax-ns#Property"/>
		<rdfs:label>isPartOfGeneratorUnit</rdfs:label>
		<rdfs:comment>Indicates whether the machine is part of a power station unit. Used for short circuit data exchange according to IEC 60909.  It has an impact on how the correction factors are calculated for transformers, since the transformer is not necessarily part of a synchronous machine and generating unit. It is not always possible to derive this information from the model. This is why the attribute is necessary.</rdfs:comment>
		<rdfs:domain rdf:resource="#PowerTransformer"/>
		<cims:dataType rdf:resource="http://www.w3.org/2001/XMLSchema#boolean"/>
		<cims:multiplicity rdf:resource="http://iec.ch/TC57/1999/rdf-schema-extensions-19990926#M:0..1"/>
		<cims:stereotype rdf:resource="http://langdale.com.au/2005/UML#attribute"/>
	</rdf:Description>
	<rdf:Description rdf:about="#PowerTransformer.operationalValuesConsidered">
		<rdf:type rdf:resource="http://www.w3.org/1999/02/22-rdf-syntax-ns#Property"/>
		<rdfs:label>operationalValuesConsidered</rdfs:label>
		<rdfs:comment>It is used to define if the data (other attributes related to short circuit data exchange) defines long term operational conditions or not. Used for short circuit data exchange according to IEC 60909.</rdfs:comment>
		<rdfs:domain rdf:resource="#PowerTransformer"/>
		<cims:dataType rdf:resource="http://www.w3.org/2001/XMLSchema#boolean"/>
		<cims:multiplicity rdf:resource="http://iec.ch/TC57/1999/rdf-schema-extensions-19990926#M:0..1"/>
		<cims:stereotype rdf:resource="http://langdale.com.au/2005/UML#attribute"/>
	</rdf:Description>
	<rdf:Description rdf:about="#PowerTransformer.vectorGroup">
		<rdf:type rdf:resource="http://www.w3.org/1999/02/22-rdf-syntax-ns#Property"/>
		<rdfs:label>vectorGroup</rdfs:label>
		<rdfs:comment>Vector group of the transformer for protective relaying, e.g., Dyn1. For unbalanced transformers, this may not be simply determined from the constituent winding connections and phase angle displacements.

The vectorGroup string consists of the following components in the order listed: high voltage winding connection, mid voltage winding connection (for three winding transformers), phase displacement clock number from 0 to 11,  low voltage winding connection 
phase displacement clock number from 0 to 11.   The winding connections are D (delta), Y (wye), YN (wye with neutral), Z (zigzag), ZN (zigzag with neutral), A (auto transformer). Upper case means the high voltage, lower case mid or low. The high voltage winding always has clock position 0 and is not included in the vector group string.  Some examples: YNy0 (two winding wye to wye with no phase displacement), YNd11 (two winding wye to delta with 330 degrees phase displacement), YNyn0d5 (three winding transformer wye with neutral high voltage, wye with neutral mid voltage and no phase displacement, delta low voltage with 150 degrees displacement).

Phase displacement is defined as the angular difference between the phasors representing the voltages between the neutral point (real or imaginary) and the corresponding terminals of two windings, a positive sequence voltage system being applied to the high-voltage terminals, following each other in alphabetical sequence if they are lettered, or in numerical sequence if they are numbered: the phasors are assumed to rotate in a counter-clockwise sense.</rdfs:comment>
		<rdfs:domain rdf:resource="#PowerTransformer"/>
		<cims:dataType rdf:resource="http://www.w3.org/2001/XMLSchema#string"/>
		<cims:multiplicity rdf:resource="http://iec.ch/TC57/1999/rdf-schema-extensions-19990926#M:0..1"/>
		<cims:stereotype rdf:resource="http://langdale.com.au/2005/UML#attribute"/>
	</rdf:Description>
	<rdf:Description rdf:about="#PowerTransformerEnd">
		<rdf:type rdf:resource="http://www.w3.org/2000/01/rdf-schema#Class"/>
		<rdfs:label>#PowerTransformerEnd</rdfs:label>
		<rdfs:comment>A PowerTransformerEnd is associated with each Terminal of a PowerTransformer.
The impedance values r, r0, x, and x0 of a PowerTransformerEnd represents a star equivalent as follows.
1) for a two Terminal PowerTransformer the high voltage (TransformerEnd.endNumber=1) PowerTransformerEnd has non zero values on r, r0, x, and x0 while the low voltage (TransformerEnd.endNumber=2) PowerTransformerEnd has zero values for r, r0, x, and x0.  Parameters are always provided, even if the PowerTransformerEnds have the same rated voltage.  In this case, the parameters are provided at the PowerTransformerEnd which has TransformerEnd.endNumber equal to 1.
2) for a three Terminal PowerTransformer the three PowerTransformerEnds represent a star equivalent with each leg in the star represented by r, r0, x, and x0 values.
3) For a three Terminal transformer each PowerTransformerEnd shall have g, g0, b and b0 values corresponding to the no load losses distributed on the three PowerTransformerEnds. The total no load loss shunt impedances may also be placed at one of the PowerTransformerEnds, preferably the end numbered 1, having the shunt values on end 1.  This is the preferred way.
4) for a PowerTransformer with more than three Terminals the PowerTransformerEnd impedance values cannot be used. Instead use the TransformerMeshImpedance or split the transformer into multiple PowerTransformers.
Each PowerTransformerEnd must be contained by a PowerTransformer. Because a PowerTransformerEnd (or any other object) can not be contained by more than one parent, a PowerTransformerEnd can not have an association to an EquipmentContainer (Substation, VoltageLevel, etc).</rdfs:comment>
		<cims:belongsToCategory rdf:resource="#Package_Wires"/>
		<rdfs:subClassOf rdf:resource="#TransformerEnd"/>
	</rdf:Description>
	<rdf:Description rdf:about="#PowerTransformerEnd.PowerTransformer">
		<rdf:type rdf:resource="http://www.w3.org/1999/02/22-rdf-syntax-ns#Property"/>
		<rdfs:label>PowerTransformer</rdfs:label>
		<rdfs:comment>The power transformer of this power transformer end.</rdfs:comment>
		<rdfs:domain rdf:resource="#PowerTransformerEnd"/>
		<rdfs:range rdf:resource="#PowerTransformer"/>
		<cims:multiplicity rdf:resource="http://iec.ch/TC57/1999/rdf-schema-extensions-19990926#M:0..1"/>
		<cims:inverseRoleName rdf:resource="#PowerTransformer.PowerTransformerEnd"/>
	</rdf:Description>
	<rdf:Description rdf:about="#PowerTransformerEnd.b">
		<rdf:type rdf:resource="http://www.w3.org/1999/02/22-rdf-syntax-ns#Property"/>
		<rdfs:label>b</rdfs:label>
		<rdfs:comment>Magnetizing branch susceptance (B mag).  The value can be positive or negative.</rdfs:comment>
		<rdfs:domain rdf:resource="#PowerTransformerEnd"/>
		<cims:dataType rdf:resource="#Susceptance"/>
		<cims:multiplicity rdf:resource="http://iec.ch/TC57/1999/rdf-schema-extensions-19990926#M:0..1"/>
		<cims:stereotype rdf:resource="http://langdale.com.au/2005/UML#attribute"/>
	</rdf:Description>
	<rdf:Description rdf:about="#PowerTransformerEnd.b0">
		<rdf:type rdf:resource="http://www.w3.org/1999/02/22-rdf-syntax-ns#Property"/>
		<rdfs:label>b0</rdfs:label>
		<rdfs:comment>Zero sequence magnetizing branch susceptance.</rdfs:comment>
		<rdfs:domain rdf:resource="#PowerTransformerEnd"/>
		<cims:dataType rdf:resource="#Susceptance"/>
		<cims:multiplicity rdf:resource="http://iec.ch/TC57/1999/rdf-schema-extensions-19990926#M:0..1"/>
		<cims:stereotype rdf:resource="http://langdale.com.au/2005/UML#attribute"/>
	</rdf:Description>
	<rdf:Description rdf:about="#PowerTransformerEnd.connectionKind">
		<rdf:type rdf:resource="http://www.w3.org/1999/02/22-rdf-syntax-ns#Property"/>
		<rdfs:label>connectionKind</rdfs:label>
		<rdfs:comment>Kind of connection.</rdfs:comment>
		<rdfs:domain rdf:resource="#PowerTransformerEnd"/>
		<rdfs:range rdf:resource="#WindingConnection"/>
		<cims:multiplicity rdf:resource="http://iec.ch/TC57/1999/rdf-schema-extensions-19990926#M:0..1"/>
		<cims:stereotype rdf:resource="http://langdale.com.au/2005/UML#attribute"/>
	</rdf:Description>
	<rdf:Description rdf:about="#PowerTransformerEnd.g">
		<rdf:type rdf:resource="http://www.w3.org/1999/02/22-rdf-syntax-ns#Property"/>
		<rdfs:label>g</rdfs:label>
		<rdfs:comment>Magnetizing branch conductance.</rdfs:comment>
		<rdfs:domain rdf:resource="#PowerTransformerEnd"/>
		<cims:dataType rdf:resource="#Conductance"/>
		<cims:multiplicity rdf:resource="http://iec.ch/TC57/1999/rdf-schema-extensions-19990926#M:0..1"/>
		<cims:stereotype rdf:resource="http://langdale.com.au/2005/UML#attribute"/>
	</rdf:Description>
	<rdf:Description rdf:about="#PowerTransformerEnd.g0">
		<rdf:type rdf:resource="http://www.w3.org/1999/02/22-rdf-syntax-ns#Property"/>
		<rdfs:label>g0</rdfs:label>
		<rdfs:comment>Zero sequence magnetizing branch conductance (star-model).</rdfs:comment>
		<rdfs:domain rdf:resource="#PowerTransformerEnd"/>
		<cims:dataType rdf:resource="#Conductance"/>
		<cims:multiplicity rdf:resource="http://iec.ch/TC57/1999/rdf-schema-extensions-19990926#M:0..1"/>
		<cims:stereotype rdf:resource="http://langdale.com.au/2005/UML#attribute"/>
	</rdf:Description>
	<rdf:Description rdf:about="#PowerTransformerEnd.phaseAngleClock">
		<rdf:type rdf:resource="http://www.w3.org/1999/02/22-rdf-syntax-ns#Property"/>
		<rdfs:label>phaseAngleClock</rdfs:label>
		<rdfs:comment>Terminal voltage phase angle displacement where 360 degrees are represented with clock hours. The valid values are 0 to 11. For example, for the secondary side end of a transformer with vector group code of 'Dyn11', specify the connection kind as wye with neutral and specify the phase angle of the clock as 11.  The clock value of the transformer end number specified as 1, is assumed to be zero.  Note the transformer end number is not assumed to be the same as the terminal sequence number.</rdfs:comment>
		<rdfs:domain rdf:resource="#PowerTransformerEnd"/>
		<cims:dataType rdf:resource="http://www.w3.org/2001/XMLSchema#integer"/>
		<cims:multiplicity rdf:resource="http://iec.ch/TC57/1999/rdf-schema-extensions-19990926#M:0..1"/>
		<cims:stereotype rdf:resource="http://langdale.com.au/2005/UML#attribute"/>
	</rdf:Description>
	<rdf:Description rdf:about="#PowerTransformerEnd.r">
		<rdf:type rdf:resource="http://www.w3.org/1999/02/22-rdf-syntax-ns#Property"/>
		<rdfs:label>r</rdfs:label>
		<rdfs:comment>Resistance (star-model) of the transformer end.
The attribute shall be equal to or greater than zero for non-equivalent transformers.</rdfs:comment>
		<rdfs:domain rdf:resource="#PowerTransformerEnd"/>
		<cims:dataType rdf:resource="#Resistance"/>
		<cims:multiplicity rdf:resource="http://iec.ch/TC57/1999/rdf-schema-extensions-19990926#M:0..1"/>
		<cims:stereotype rdf:resource="http://langdale.com.au/2005/UML#attribute"/>
	</rdf:Description>
	<rdf:Description rdf:about="#PowerTransformerEnd.r0">
		<rdf:type rdf:resource="http://www.w3.org/1999/02/22-rdf-syntax-ns#Property"/>
		<rdfs:label>r0</rdfs:label>
		<rdfs:comment>Zero sequence series resistance (star-model) of the transformer end.</rdfs:comment>
		<rdfs:domain rdf:resource="#PowerTransformerEnd"/>
		<cims:dataType rdf:resource="#Resistance"/>
		<cims:multiplicity rdf:resource="http://iec.ch/TC57/1999/rdf-schema-extensions-19990926#M:0..1"/>
		<cims:stereotype rdf:resource="http://langdale.com.au/2005/UML#attribute"/>
	</rdf:Description>
	<rdf:Description rdf:about="#PowerTransformerEnd.ratedS">
		<rdf:type rdf:resource="http://www.w3.org/1999/02/22-rdf-syntax-ns#Property"/>
		<rdfs:label>ratedS</rdfs:label>
		<rdfs:comment>Normal apparent power rating.
The attribute shall be a positive value. For a two-winding transformer the values for the high and low voltage sides shall be identical.</rdfs:comment>
		<rdfs:domain rdf:resource="#PowerTransformerEnd"/>
		<cims:dataType rdf:resource="#ApparentPower"/>
		<cims:multiplicity rdf:resource="http://iec.ch/TC57/1999/rdf-schema-extensions-19990926#M:0..1"/>
		<cims:stereotype rdf:resource="http://langdale.com.au/2005/UML#attribute"/>
	</rdf:Description>
	<rdf:Description rdf:about="#PowerTransformerEnd.ratedU">
		<rdf:type rdf:resource="http://www.w3.org/1999/02/22-rdf-syntax-ns#Property"/>
		<rdfs:label>ratedU</rdfs:label>
		<rdfs:comment>Rated voltage: phase-phase for three-phase windings, and either phase-phase or phase-neutral for single-phase windings.
A high voltage side, as given by TransformerEnd.endNumber, shall have a ratedU that is greater than or equal to ratedU for the lower voltage sides.
The attribute shall be a positive value.</rdfs:comment>
		<rdfs:domain rdf:resource="#PowerTransformerEnd"/>
		<cims:dataType rdf:resource="#Voltage"/>
		<cims:multiplicity rdf:resource="http://iec.ch/TC57/1999/rdf-schema-extensions-19990926#M:0..1"/>
		<cims:stereotype rdf:resource="http://langdale.com.au/2005/UML#attribute"/>
	</rdf:Description>
	<rdf:Description rdf:about="#PowerTransformerEnd.x">
		<rdf:type rdf:resource="http://www.w3.org/1999/02/22-rdf-syntax-ns#Property"/>
		<rdfs:label>x</rdfs:label>
		<rdfs:comment>Positive sequence series reactance (star-model) of the transformer end.</rdfs:comment>
		<rdfs:domain rdf:resource="#PowerTransformerEnd"/>
		<cims:dataType rdf:resource="#Reactance"/>
		<cims:multiplicity rdf:resource="http://iec.ch/TC57/1999/rdf-schema-extensions-19990926#M:0..1"/>
		<cims:stereotype rdf:resource="http://langdale.com.au/2005/UML#attribute"/>
	</rdf:Description>
	<rdf:Description rdf:about="#PowerTransformerEnd.x0">
		<rdf:type rdf:resource="http://www.w3.org/1999/02/22-rdf-syntax-ns#Property"/>
		<rdfs:label>x0</rdfs:label>
		<rdfs:comment>Zero sequence series reactance of the transformer end.</rdfs:comment>
		<rdfs:domain rdf:resource="#PowerTransformerEnd"/>
		<cims:dataType rdf:resource="#Reactance"/>
		<cims:multiplicity rdf:resource="http://iec.ch/TC57/1999/rdf-schema-extensions-19990926#M:0..1"/>
		<cims:stereotype rdf:resource="http://langdale.com.au/2005/UML#attribute"/>
	</rdf:Description>
	<rdf:Description rdf:about="#ProtectionEquipment">
		<rdf:type rdf:resource="http://www.w3.org/2000/01/rdf-schema#Class"/>
		<rdfs:label>#ProtectionEquipment</rdfs:label>
		<rdfs:comment>An electrical device designed to respond to input conditions in a prescribed manner and after specified conditions are met to cause contact operation or similar abrupt change in associated electric control circuits, or simply to display the detected condition. Protection equipment is associated with conducting equipment and usually operate circuit breakers.</rdfs:comment>
		<cims:belongsToCategory rdf:resource="#Package_Protection"/>
		<rdfs:subClassOf rdf:resource="#PowerSystemResource"/>
	</rdf:Description>
	<rdf:Description rdf:about="#ProtectiveActionAdjustment">
		<rdf:type rdf:resource="http://www.w3.org/2000/01/rdf-schema#Class"/>
		<rdfs:label>#ProtectiveActionAdjustment</rdfs:label>
		<rdfs:comment>Protective actions on non-switching equipment. The operating condition is adjusted.</rdfs:comment>
		<cims:belongsToCategory rdf:resource="#Package_InfSIPS"/>
		<rdfs:subClassOf rdf:resource="#IdentifiedObject"/>
	</rdf:Description>
	<rdf:Description rdf:about="#ProtectiveActionEquipment">
		<rdf:type rdf:resource="http://www.w3.org/2000/01/rdf-schema#Class"/>
		<rdfs:label>#ProtectiveActionEquipment</rdfs:label>
		<rdfs:comment>Protective action to put an Equipment in-service/out-of-service.</rdfs:comment>
		<cims:belongsToCategory rdf:resource="#Package_InfSIPS"/>
		<rdfs:subClassOf rdf:resource="#IdentifiedObject"/>
	</rdf:Description>
	<rdf:Description rdf:about="#RatioTapChanger">
		<rdf:type rdf:resource="http://www.w3.org/2000/01/rdf-schema#Class"/>
		<rdfs:label>#RatioTapChanger</rdfs:label>
		<rdfs:comment>A tap changer that changes the voltage ratio impacting the voltage magnitude but not the phase angle across the transformer.

Angle sign convention (general): Positive value indicates a positive phase shift from the winding where the tap is located to the other winding (for a two-winding transformer).</rdfs:comment>
		<cims:belongsToCategory rdf:resource="#Package_Wires"/>
		<rdfs:subClassOf rdf:resource="#PowerSystemResource"/>
	</rdf:Description>
	<rdf:Description rdf:about="#RatioTapChanger.RatioTapChangerTable">
		<rdf:type rdf:resource="http://www.w3.org/1999/02/22-rdf-syntax-ns#Property"/>
		<rdfs:label>RatioTapChangerTable</rdfs:label>
		<rdfs:comment>The tap ratio table for this ratio  tap changer.</rdfs:comment>
		<rdfs:domain rdf:resource="#RatioTapChanger"/>
		<rdfs:range rdf:resource="#RatioTapChangerTable"/>
		<cims:multiplicity rdf:resource="http://iec.ch/TC57/1999/rdf-schema-extensions-19990926#M:0..1"/>
		<cims:inverseRoleName rdf:resource="#RatioTapChangerTable.RatioTapChanger"/>
	</rdf:Description>
	<rdf:Description rdf:about="#RatioTapChanger.TransformerEnd">
		<rdf:type rdf:resource="http://www.w3.org/1999/02/22-rdf-syntax-ns#Property"/>
		<rdfs:label>TransformerEnd</rdfs:label>
		<rdfs:comment>Transformer end to which this ratio tap changer belongs.</rdfs:comment>
		<rdfs:domain rdf:resource="#RatioTapChanger"/>
		<rdfs:range rdf:resource="#TransformerEnd"/>
		<cims:multiplicity rdf:resource="http://iec.ch/TC57/1999/rdf-schema-extensions-19990926#M:1"/>
		<cims:inverseRoleName rdf:resource="#TransformerEnd.RatioTapChanger"/>
	</rdf:Description>
	<rdf:Description rdf:about="#RatioTapChanger.stepVoltageIncrement">
		<rdf:type rdf:resource="http://www.w3.org/1999/02/22-rdf-syntax-ns#Property"/>
		<rdfs:label>stepVoltageIncrement</rdfs:label>
		<rdfs:comment>Tap step increment, in per cent of rated voltage of the power transformer end, per step position.
When the increment is negative, the voltage decreases when the tap step increases.</rdfs:comment>
		<rdfs:domain rdf:resource="#RatioTapChanger"/>
		<cims:dataType rdf:resource="#PerCent"/>
		<cims:multiplicity rdf:resource="http://iec.ch/TC57/1999/rdf-schema-extensions-19990926#M:0..1"/>
		<cims:stereotype rdf:resource="http://langdale.com.au/2005/UML#attribute"/>
	</rdf:Description>
	<rdf:Description rdf:about="#RatioTapChanger.tculControlMode">
		<rdf:type rdf:resource="http://www.w3.org/1999/02/22-rdf-syntax-ns#Property"/>
		<rdfs:label>tculControlMode</rdfs:label>
		<rdfs:comment>Specifies the regulation control mode (voltage or reactive) of the RatioTapChanger.</rdfs:comment>
		<rdfs:domain rdf:resource="#RatioTapChanger"/>
		<rdfs:range rdf:resource="#TransformerControlMode"/>
		<cims:multiplicity rdf:resource="http://iec.ch/TC57/1999/rdf-schema-extensions-19990926#M:0..1"/>
		<cims:stereotype rdf:resource="http://langdale.com.au/2005/UML#deprecated"/>
		<cims:stereotype rdf:resource="http://langdale.com.au/2005/UML#attribute"/>
	</rdf:Description>
	<rdf:Description rdf:about="#RatioTapChangerTable">
		<rdf:type rdf:resource="http://www.w3.org/2000/01/rdf-schema#Class"/>
		<rdfs:label>#RatioTapChangerTable</rdfs:label>
		<rdfs:comment>Describes a curve for how the voltage magnitude and impedance varies with the tap step.</rdfs:comment>
		<cims:belongsToCategory rdf:resource="#Package_Wires"/>
		<rdfs:subClassOf rdf:resource="#IdentifiedObject"/>
	</rdf:Description>
	<rdf:Description rdf:about="#Reactance">
		<rdf:type rdf:resource="http://www.w3.org/2000/01/rdf-schema#Class"/>
		<rdfs:label>#Reactance</rdfs:label>
		<rdfs:comment>Reactance (imaginary part of impedance), at rated frequency.</rdfs:comment>
		<cims:belongsToCategory rdf:resource="#Package_Domain"/>
		<cims:stereotype rdf:resource="http://langdale.com.au/2005/UML#cimdatatype"/>
	</rdf:Description>
	<rdf:Description rdf:about="#ReportingGroup">
		<rdf:type rdf:resource="http://www.w3.org/2000/01/rdf-schema#Class"/>
		<rdfs:label>#ReportingGroup</rdfs:label>
		<rdfs:comment>A reporting group is used for various ad-hoc groupings used for reporting.</rdfs:comment>
		<cims:belongsToCategory rdf:resource="#Package_Core"/>
		<rdfs:subClassOf rdf:resource="#IdentifiedObject"/>
	</rdf:Description>
	<rdf:Description rdf:about="#Resistance">
		<rdf:type rdf:resource="http://www.w3.org/2000/01/rdf-schema#Class"/>
		<rdfs:label>#Resistance</rdfs:label>
		<rdfs:comment>Resistance (real part of impedance).</rdfs:comment>
		<cims:belongsToCategory rdf:resource="#Package_Domain"/>
		<cims:stereotype rdf:resource="http://langdale.com.au/2005/UML#cimdatatype"/>
	</rdf:Description>
	<rdf:Description rdf:about="#Seconds">
		<rdf:type rdf:resource="http://www.w3.org/2000/01/rdf-schema#Class"/>
		<rdfs:label>#Seconds</rdfs:label>
		<rdfs:comment>Time, in seconds.</rdfs:comment>
		<cims:belongsToCategory rdf:resource="#Package_Domain"/>
		<cims:stereotype rdf:resource="http://langdale.com.au/2005/UML#cimdatatype"/>
	</rdf:Description>
	<rdf:Description rdf:about="#Susceptance">
		<rdf:type rdf:resource="http://www.w3.org/2000/01/rdf-schema#Class"/>
		<rdfs:label>#Susceptance</rdfs:label>
		<rdfs:comment>Imaginary part of admittance.</rdfs:comment>
		<cims:belongsToCategory rdf:resource="#Package_Domain"/>
		<cims:stereotype rdf:resource="http://langdale.com.au/2005/UML#cimdatatype"/>
	</rdf:Description>
	<rdf:Description rdf:about="#SvStatus">
		<rdf:type rdf:resource="http://www.w3.org/2000/01/rdf-schema#Class"/>
		<rdfs:label>#SvStatus</rdfs:label>
		<rdfs:comment>State variable for status.</rdfs:comment>
		<cims:belongsToCategory rdf:resource="#Package_StateVariables"/>
	</rdf:Description>
	<rdf:Description rdf:about="#SvTapStep">
		<rdf:type rdf:resource="http://www.w3.org/2000/01/rdf-schema#Class"/>
		<rdfs:label>#SvTapStep</rdfs:label>
		<rdfs:comment>State variable for transformer tap step.</rdfs:comment>
		<cims:belongsToCategory rdf:resource="#Package_StateVariables"/>
	</rdf:Description>
	<rdf:Description rdf:about="#TapChangerControl">
		<rdf:type rdf:resource="http://www.w3.org/2000/01/rdf-schema#Class"/>
		<rdfs:label>#TapChangerControl</rdfs:label>
		<rdfs:comment>Describes behaviour specific to tap changers, e.g. how the voltage at the end of a line varies with the load level and compensation of the voltage drop by tap adjustment.</rdfs:comment>
		<cims:belongsToCategory rdf:resource="#Package_Wires"/>
		<rdfs:subClassOf rdf:resource="#PowerSystemResource"/>
	</rdf:Description>
	<rdf:Description rdf:about="#TapSchedule">
		<rdf:type rdf:resource="http://www.w3.org/2000/01/rdf-schema#Class"/>
		<rdfs:label>#TapSchedule</rdfs:label>
		<rdfs:comment>A pre-established pattern over time for a tap step.</rdfs:comment>
		<cims:belongsToCategory rdf:resource="#Package_Wires"/>
		<rdfs:subClassOf rdf:resource="#IdentifiedObject"/>
	</rdf:Description>
	<rdf:Description rdf:about="#Terminal">
		<rdf:type rdf:resource="http://www.w3.org/2000/01/rdf-schema#Class"/>
		<rdfs:label>#Terminal</rdfs:label>
		<rdfs:comment>An AC electrical connection point to a piece of conducting equipment. Terminals are connected at physical connection points called connectivity nodes.</rdfs:comment>
		<cims:belongsToCategory rdf:resource="#Package_Core"/>
		<rdfs:subClassOf rdf:resource="#IdentifiedObject"/>
	</rdf:Description>
	<rdf:Description rdf:about="#TransformerControlMode">
		<rdf:type rdf:resource="http://www.w3.org/2000/01/rdf-schema#Class"/>
		<rdfs:label>#TransformerControlMode</rdfs:label>
		<rdfs:comment>Control modes for a transformer.</rdfs:comment>
		<cims:belongsToCategory rdf:resource="#Package_Wires"/>
		<cims:stereotype rdf:resource="http://langdale.com.au/2005/UML#enumeration"/>
	</rdf:Description>
	<rdf:Description rdf:about="#TransformerCoreAdmittance">
		<rdf:type rdf:resource="http://www.w3.org/2000/01/rdf-schema#Class"/>
		<rdfs:label>#TransformerCoreAdmittance</rdfs:label>
		<rdfs:comment>The transformer core admittance.  Used to specify the core admittance of a transformer in a manner that can be shared among power transformers.</rdfs:comment>
		<cims:belongsToCategory rdf:resource="#Package_Wires"/>
		<rdfs:subClassOf rdf:resource="#IdentifiedObject"/>
	</rdf:Description>
	<rdf:Description rdf:about="#TransformerEnd">
		<rdf:type rdf:resource="http://www.w3.org/2000/01/rdf-schema#Class"/>
		<rdfs:label>#TransformerEnd</rdfs:label>
		<rdfs:comment>A conducting connection point of a power transformer. It corresponds to a physical transformer winding terminal.  In earlier CIM versions, the TransformerWinding class served a similar purpose, but this class is more flexible because it associates to terminal but is not a specialization of ConductingEquipment.</rdfs:comment>
		<cims:belongsToCategory rdf:resource="#Package_Wires"/>
		<rdfs:subClassOf rdf:resource="#IdentifiedObject"/>
	</rdf:Description>
	<rdf:Description rdf:about="#TransformerMeshImpedance">
		<rdf:type rdf:resource="http://www.w3.org/2000/01/rdf-schema#Class"/>
		<rdfs:label>#TransformerMeshImpedance</rdfs:label>
		<rdfs:comment>Transformer mesh impedance (Delta-model) between transformer ends.
The typical case is that this class describes the impedance between two transformer ends pair-wise, i.e. the cardinalities at both transformer end associations are 1. However, in cases where two or more transformer ends are modelled the cardinalities are larger than 1.</rdfs:comment>
		<cims:belongsToCategory rdf:resource="#Package_Wires"/>
		<rdfs:subClassOf rdf:resource="#IdentifiedObject"/>
	</rdf:Description>
	<rdf:Description rdf:about="#TransformerStarImpedance">
		<rdf:type rdf:resource="http://www.w3.org/2000/01/rdf-schema#Class"/>
		<rdfs:label>#TransformerStarImpedance</rdfs:label>
		<rdfs:comment>Transformer star impedance (Pi-model) that accurately reflects impedance for transformers with 2 or 3 windings. For transformers with 4 or more windings, TransformerMeshImpedance class shall be used.
For transmission networks use PowerTransformerEnd impedances (r, r0, x, x0, b, b0, g and g0).</rdfs:comment>
		<cims:belongsToCategory rdf:resource="#Package_Wires"/>
		<rdfs:subClassOf rdf:resource="#IdentifiedObject"/>
	</rdf:Description>
	<rdf:Description rdf:about="#TransformerTank">
		<rdf:type rdf:resource="http://www.w3.org/2000/01/rdf-schema#Class"/>
		<rdfs:label>#TransformerTank</rdfs:label>
		<rdfs:comment>An assembly of two or more coupled windings that transform electrical power between voltage levels. These windings are bound on a common core and placed in the same tank. Transformer tank can be used to model both single-phase and 3-phase transformers.</rdfs:comment>
		<cims:belongsToCategory rdf:resource="#Package_Wires"/>
		<rdfs:subClassOf rdf:resource="#PowerSystemResource"/>
	</rdf:Description>
	<rdf:Description rdf:about="#UsagePoint">
		<rdf:type rdf:resource="http://www.w3.org/2000/01/rdf-schema#Class"/>
		<rdfs:label>#UsagePoint</rdfs:label>
		<rdfs:comment>Logical or physical point in the network to which readings or events may be attributed. Used at the place where a physical or virtual meter may be located; however, it is not required that a meter be present.</rdfs:comment>
		<cims:belongsToCategory rdf:resource="#Package_Metering"/>
		<rdfs:subClassOf rdf:resource="#IdentifiedObject"/>
	</rdf:Description>
	<rdf:Description rdf:about="#VerificationAction">
		<rdf:type rdf:resource="http://www.w3.org/2000/01/rdf-schema#Class"/>
		<rdfs:label>#VerificationAction</rdfs:label>
		<rdfs:comment>Verification of a switch position or other condition as a switching step</rdfs:comment>
		<cims:belongsToCategory rdf:resource="#Package_Operations"/>
		<rdfs:subClassOf rdf:resource="#IdentifiedObject"/>
	</rdf:Description>
	<rdf:Description rdf:about="#Voltage">
		<rdf:type rdf:resource="http://www.w3.org/2000/01/rdf-schema#Class"/>
		<rdfs:label>#Voltage</rdfs:label>
		<rdfs:comment>Electrical voltage, can be both AC and DC.</rdfs:comment>
		<cims:belongsToCategory rdf:resource="#Package_Domain"/>
		<cims:stereotype rdf:resource="http://langdale.com.au/2005/UML#cimdatatype"/>
	</rdf:Description>
	<rdf:Description rdf:about="#WeatherStation">
		<rdf:type rdf:resource="http://www.w3.org/2000/01/rdf-schema#Class"/>
		<rdfs:label>#WeatherStation</rdfs:label>
		<rdfs:comment>This represents a source of ambient temperature.</rdfs:comment>
		<cims:belongsToCategory rdf:resource="#Package_InfOperationalLimits"/>
		<rdfs:subClassOf rdf:resource="#PowerSystemResource"/>
	</rdf:Description>
	<rdf:Description rdf:about="#WindingConnection">
		<rdf:type rdf:resource="http://www.w3.org/2000/01/rdf-schema#Class"/>
		<rdfs:label>#WindingConnection</rdfs:label>
		<rdfs:comment>Winding connection type.</rdfs:comment>
		<cims:belongsToCategory rdf:resource="#Package_Wires"/>
		<cims:stereotype rdf:resource="http://langdale.com.au/2005/UML#enumeration"/>
	</rdf:Description>
	<rdf:Description rdf:about="#WindingInsulation">
		<rdf:type rdf:resource="http://www.w3.org/2000/01/rdf-schema#Class"/>
		<rdfs:label>#WindingInsulation</rdfs:label>
		<rdfs:comment>Winding insulation condition as a result of a test.</rdfs:comment>
		<cims:belongsToCategory rdf:resource="#Package_InfAssets"/>
		<rdfs:subClassOf rdf:resource="#IdentifiedObject"/>
	</rdf:Description>
	<rdf:Description rdf:about="#IdentifiedObject.DiagramObjects">
		<rdf:type rdf:resource="http://www.w3.org/1999/02/22-rdf-syntax-ns#Property"/>
		<rdfs:label>DiagramObjects</rdfs:label>
		<rdfs:comment>The diagram objects that are associated with the domain object.</rdfs:comment>
		<rdfs:domain rdf:resource="#IdentifiedObject"/>
		<rdfs:range rdf:resource="#DiagramObject"/>
		<cims:multiplicity rdf:resource="http://iec.ch/TC57/1999/rdf-schema-extensions-19990926#M:0..n"/>
		<cims:inverseRoleName rdf:resource="#DiagramObject.IdentifiedObject"/>
	</rdf:Description>
	<rdf:Description rdf:about="#TransformerEnd.endNumber">
		<rdf:type rdf:resource="http://www.w3.org/1999/02/22-rdf-syntax-ns#Property"/>
		<rdfs:label>endNumber</rdfs:label>
		<rdfs:comment>Number for this transformer end, corresponding to the end's order in the power transformer vector group or phase angle clock number.  Highest voltage winding should be 1.  Each end within a power transformer should have a unique subsequent end number.   Note the transformer end number need not match the terminal sequence number.</rdfs:comment>
		<rdfs:domain rdf:resource="#TransformerEnd"/>
		<cims:dataType rdf:resource="http://www.w3.org/2001/XMLSchema#integer"/>
		<cims:multiplicity rdf:resource="http://iec.ch/TC57/1999/rdf-schema-extensions-19990926#M:0..1"/>
		<cims:stereotype rdf:resource="http://langdale.com.au/2005/UML#attribute"/>
	</rdf:Description>
	<rdf:Description rdf:about="#IdentifiedObject.Names">
		<rdf:type rdf:resource="http://www.w3.org/1999/02/22-rdf-syntax-ns#Property"/>
		<rdfs:label>Names</rdfs:label>
		<rdfs:comment>All names of this identified object.</rdfs:comment>
		<rdfs:domain rdf:resource="#IdentifiedObject"/>
		<rdfs:range rdf:resource="#Name"/>
		<cims:multiplicity rdf:resource="http://iec.ch/TC57/1999/rdf-schema-extensions-19990926#M:0..n"/>
		<cims:inverseRoleName rdf:resource="#Name.IdentifiedObject"/>
	</rdf:Description>
	<rdf:Description rdf:about="#TransformerEnd.bmagSat">
		<rdf:type rdf:resource="http://www.w3.org/1999/02/22-rdf-syntax-ns#Property"/>
		<rdfs:label>bmagSat</rdfs:label>
		<rdfs:comment>Core shunt magnetizing susceptance in the saturation region.</rdfs:comment>
		<rdfs:domain rdf:resource="#TransformerEnd"/>
		<cims:dataType rdf:resource="#PerCent"/>
		<cims:multiplicity rdf:resource="http://iec.ch/TC57/1999/rdf-schema-extensions-19990926#M:0..1"/>
		<cims:stereotype rdf:resource="http://langdale.com.au/2005/UML#attribute"/>
	</rdf:Description>
	<rdf:Description rdf:about="#ConductingEquipment.SvStatus">
		<rdf:type rdf:resource="http://www.w3.org/1999/02/22-rdf-syntax-ns#Property"/>
		<rdfs:label>SvStatus</rdfs:label>
		<rdfs:comment>The status state variable associated with this conducting equipment.</rdfs:comment>
		<rdfs:domain rdf:resource="#ConductingEquipment"/>
		<rdfs:range rdf:resource="#SvStatus"/>
		<cims:multiplicity rdf:resource="http://iec.ch/TC57/1999/rdf-schema-extensions-19990926#M:0..n"/>
		<cims:inverseRoleName rdf:resource="#SvStatus.ConductingEquipment"/>
	</rdf:Description>
	<rdf:Description rdf:about="#ConductingEquipment.ProtectionEquipments">
		<rdf:type rdf:resource="http://www.w3.org/1999/02/22-rdf-syntax-ns#Property"/>
		<rdfs:label>ProtectionEquipments</rdfs:label>
		<rdfs:comment>Protection equipment  used to protect specific conducting equipment.</rdfs:comment>
		<rdfs:domain rdf:resource="#ConductingEquipment"/>
		<rdfs:range rdf:resource="#ProtectionEquipment"/>
		<cims:multiplicity rdf:resource="http://iec.ch/TC57/1999/rdf-schema-extensions-19990926#M:0..n"/>
		<cims:inverseRoleName rdf:resource="#ProtectionEquipment.ConductingEquipments"/>
	</rdf:Description>
	<rdf:Description rdf:about="#Equipment.normallyInService">
		<rdf:type rdf:resource="http://www.w3.org/1999/02/22-rdf-syntax-ns#Property"/>
		<rdfs:label>normallyInService</rdfs:label>
		<rdfs:comment>Specifies the availability of the equipment under normal operating conditions. True means the equipment is available for topology processing, which determines if the equipment is energized or not. False means that the equipment is treated by network applications as if it is not in the model.</rdfs:comment>
		<rdfs:domain rdf:resource="#Equipment"/>
		<cims:dataType rdf:resource="http://www.w3.org/2001/XMLSchema#boolean"/>
		<cims:multiplicity rdf:resource="http://iec.ch/TC57/1999/rdf-schema-extensions-19990926#M:0..1"/>
		<cims:stereotype rdf:resource="http://langdale.com.au/2005/UML#attribute"/>
	</rdf:Description>
	<rdf:Description rdf:about="#IdentifiedObject.TargetingCIMDataObject">
		<rdf:type rdf:resource="http://www.w3.org/1999/02/22-rdf-syntax-ns#Property"/>
		<rdfs:label>TargetingCIMDataObject</rdfs:label>
		<rdfs:comment>Data objects registered.</rdfs:comment>
		<rdfs:domain rdf:resource="#IdentifiedObject"/>
		<rdfs:range rdf:resource="#ChangeSetMember"/>
		<cims:multiplicity rdf:resource="http://iec.ch/TC57/1999/rdf-schema-extensions-19990926#M:0..n"/>
		<cims:inverseRoleName rdf:resource="#ChangeSetMember.TargetObject"/>
	</rdf:Description>
	<rdf:Description rdf:about="#IdentifiedObject.PropertiesCIMDataObject">
		<rdf:type rdf:resource="http://www.w3.org/1999/02/22-rdf-syntax-ns#Property"/>
		<rdfs:label>PropertiesCIMDataObject</rdfs:label>
		<rdfs:comment>The single CIM data object in the appropriate dataset context.</rdfs:comment>
		<rdfs:domain rdf:resource="#IdentifiedObject"/>
		<rdfs:range rdf:resource="#ChangeSetMember"/>
		<cims:multiplicity rdf:resource="http://iec.ch/TC57/1999/rdf-schema-extensions-19990926#M:0..1"/>
		<cims:inverseRoleName rdf:resource="#ChangeSetMember.PropertiesObject"/>
	</rdf:Description>
	<rdf:Description rdf:about="#IdentifiedObject.InstanceSet">
		<rdf:type rdf:resource="http://www.w3.org/1999/02/22-rdf-syntax-ns#Property"/>
		<rdfs:label>InstanceSet</rdfs:label>
		<rdfs:comment>Dataset containing the data objects.</rdfs:comment>
		<rdfs:domain rdf:resource="#IdentifiedObject"/>
		<rdfs:range rdf:resource="#InstanceSet"/>
		<cims:multiplicity rdf:resource="http://iec.ch/TC57/1999/rdf-schema-extensions-19990926#M:1"/>
		<cims:inverseRoleName rdf:resource="#InstanceSet.InstanceSetMember"/>
	</rdf:Description>
	<rdf:Description rdf:about="#TapChanger.step">
		<rdf:type rdf:resource="http://www.w3.org/1999/02/22-rdf-syntax-ns#Property"/>
		<rdfs:label>step</rdfs:label>
		<rdfs:comment>Tap changer position.
Starting step for a steady state solution. Non integer values are allowed to support continuous tap variables. The reasons for continuous value are to support study cases where no discrete tap changer has yet been designed, a solution where a narrow voltage band forces the tap step to oscillate or to accommodate for a continuous solution as input.
The attribute shall be equal to or greater than lowStep and equal to or less than highStep.</rdfs:comment>
		<rdfs:domain rdf:resource="#TapChanger"/>
		<cims:dataType rdf:resource="http://www.w3.org/2001/XMLSchema#float"/>
		<cims:multiplicity rdf:resource="http://iec.ch/TC57/1999/rdf-schema-extensions-19990926#M:0..1"/>
		<cims:stereotype rdf:resource="http://langdale.com.au/2005/UML#attribute"/>
	</rdf:Description>
	<rdf:Description rdf:about="#IdentifiedObject.mRID">
		<rdf:type rdf:resource="http://www.w3.org/1999/02/22-rdf-syntax-ns#Property"/>
		<rdfs:label>mRID</rdfs:label>
		<rdfs:comment>Master resource identifier issued by a model authority. The mRID is unique within an exchange context. Global uniqueness is easily achieved by using a UUID, as specified in RFC 4122, for the mRID. The use of UUID is strongly recommended.
For CIMXML data files in RDF syntax conforming to IEC 61970-552, the mRID is mapped to rdf:ID or rdf:about attributes that identify CIM object elements.</rdfs:comment>
		<rdfs:domain rdf:resource="#IdentifiedObject"/>
		<cims:dataType rdf:resource="http://www.w3.org/2001/XMLSchema#string"/>
		<cims:multiplicity rdf:resource="http://iec.ch/TC57/1999/rdf-schema-extensions-19990926#M:0..1"/>
		<cims:stereotype rdf:resource="http://langdale.com.au/2005/UML#attribute"/>
	</rdf:Description>
	<rdf:Description rdf:about="#IdentifiedObject.name">
		<rdf:type rdf:resource="http://www.w3.org/1999/02/22-rdf-syntax-ns#Property"/>
		<rdfs:label>name</rdfs:label>
		<rdfs:comment>The name is any free human readable and possibly non unique text naming the object.</rdfs:comment>
		<rdfs:domain rdf:resource="#IdentifiedObject"/>
		<cims:dataType rdf:resource="http://www.w3.org/2001/XMLSchema#string"/>
		<cims:multiplicity rdf:resource="http://iec.ch/TC57/1999/rdf-schema-extensions-19990926#M:0..1"/>
		<cims:stereotype rdf:resource="http://langdale.com.au/2005/UML#attribute"/>
	</rdf:Description>
	<rdf:Description rdf:about="#PowerSystemResource.Location">
		<rdf:type rdf:resource="http://www.w3.org/1999/02/22-rdf-syntax-ns#Property"/>
		<rdfs:label>Location</rdfs:label>
		<rdfs:comment>Location of this power system resource.</rdfs:comment>
		<rdfs:domain rdf:resource="#PowerSystemResource"/>
		<rdfs:range rdf:resource="#Location"/>
		<cims:multiplicity rdf:resource="http://iec.ch/TC57/1999/rdf-schema-extensions-19990926#M:0..1"/>
		<cims:inverseRoleName rdf:resource="#Location.PowerSystemResources"/>
	</rdf:Description>
	<rdf:Description rdf:about="#PowerSystemResource.GenericAction">
		<rdf:type rdf:resource="http://www.w3.org/1999/02/22-rdf-syntax-ns#Property"/>
		<rdfs:label>GenericAction</rdfs:label>
		<rdfs:domain rdf:resource="#PowerSystemResource"/>
		<rdfs:range rdf:resource="#GenericAction"/>
		<cims:multiplicity rdf:resource="http://iec.ch/TC57/1999/rdf-schema-extensions-19990926#M:0..n"/>
		<cims:inverseRoleName rdf:resource="#GenericAction.PowerSystemResource"/>
	</rdf:Description>
	<rdf:Description rdf:about="#PowerSystemResource.VerificationAction">
		<rdf:type rdf:resource="http://www.w3.org/1999/02/22-rdf-syntax-ns#Property"/>
		<rdfs:label>VerificationAction</rdfs:label>
		<rdfs:domain rdf:resource="#PowerSystemResource"/>
		<rdfs:range rdf:resource="#VerificationAction"/>
		<cims:multiplicity rdf:resource="http://iec.ch/TC57/1999/rdf-schema-extensions-19990926#M:0..n"/>
		<cims:inverseRoleName rdf:resource="#VerificationAction.PowerSystemResource"/>
	</rdf:Description>
	<rdf:Description rdf:about="#PowerSystemResource.Clearances">
		<rdf:type rdf:resource="http://www.w3.org/1999/02/22-rdf-syntax-ns#Property"/>
		<rdfs:label>Clearances</rdfs:label>
		<rdfs:comment>All clearances applicable to this power system resource.</rdfs:comment>
		<rdfs:domain rdf:resource="#PowerSystemResource"/>
		<rdfs:range rdf:resource="#ClearanceDocument"/>
		<cims:multiplicity rdf:resource="http://iec.ch/TC57/1999/rdf-schema-extensions-19990926#M:0..n"/>
		<cims:inverseRoleName rdf:resource="#ClearanceDocument.TaggedPSRs"/>
	</rdf:Description>
	<rdf:Description rdf:about="#PowerSystemResource.AssetDatasheet">
		<rdf:type rdf:resource="http://www.w3.org/1999/02/22-rdf-syntax-ns#Property"/>
		<rdfs:label>AssetDatasheet</rdfs:label>
		<rdfs:comment>Datasheet information for this power system resource.</rdfs:comment>
		<rdfs:domain rdf:resource="#PowerSystemResource"/>
		<rdfs:range rdf:resource="#AssetInfo"/>
		<cims:multiplicity rdf:resource="http://iec.ch/TC57/1999/rdf-schema-extensions-19990926#M:0..1"/>
		<cims:inverseRoleName rdf:resource="#AssetInfo.PowerSystemResources"/>
	</rdf:Description>
	<rdf:Description rdf:about="#IdentifiedObject.aliasName">
		<rdf:type rdf:resource="http://www.w3.org/1999/02/22-rdf-syntax-ns#Property"/>
		<rdfs:label>aliasName</rdfs:label>
		<rdfs:comment>The aliasName is free text human readable name of the object alternative to IdentifiedObject.name. It may be non unique and may not correlate to a naming hierarchy.
The attribute aliasName is retained because of backwards compatibility between CIM relases. It is however recommended to replace aliasName with the Name class as aliasName is planned for retirement at a future time.</rdfs:comment>
		<rdfs:domain rdf:resource="#IdentifiedObject"/>
		<cims:dataType rdf:resource="http://www.w3.org/2001/XMLSchema#string"/>
		<cims:multiplicity rdf:resource="http://iec.ch/TC57/1999/rdf-schema-extensions-19990926#M:0..1"/>
		<cims:stereotype rdf:resource="http://langdale.com.au/2005/UML#attribute"/>
	</rdf:Description>
	<rdf:Description rdf:about="#TransformerEnd.ToWindingInsulations">
		<rdf:type rdf:resource="http://www.w3.org/1999/02/22-rdf-syntax-ns#Property"/>
		<rdfs:label>ToWindingInsulations</rdfs:label>
		<rdfs:domain rdf:resource="#TransformerEnd"/>
		<rdfs:range rdf:resource="#WindingInsulation"/>
		<cims:multiplicity rdf:resource="http://iec.ch/TC57/1999/rdf-schema-extensions-19990926#M:0..n"/>
		<cims:inverseRoleName rdf:resource="#WindingInsulation.ToWinding"/>
	</rdf:Description>
	<rdf:Description rdf:about="#TransformerEnd.FromWindingInsulations">
		<rdf:type rdf:resource="http://www.w3.org/1999/02/22-rdf-syntax-ns#Property"/>
		<rdfs:label>FromWindingInsulations</rdfs:label>
		<rdfs:domain rdf:resource="#TransformerEnd"/>
		<rdfs:range rdf:resource="#WindingInsulation"/>
		<cims:multiplicity rdf:resource="http://iec.ch/TC57/1999/rdf-schema-extensions-19990926#M:0..n"/>
		<cims:inverseRoleName rdf:resource="#WindingInsulation.FromWinding"/>
	</rdf:Description>
	<rdf:Description rdf:about="#TapChanger.controlEnabled">
		<rdf:type rdf:resource="http://www.w3.org/1999/02/22-rdf-syntax-ns#Property"/>
		<rdfs:label>controlEnabled</rdfs:label>
		<rdfs:comment>Specifies the regulation status of the equipment.  True is regulating, false is not regulating.</rdfs:comment>
		<rdfs:domain rdf:resource="#TapChanger"/>
		<cims:dataType rdf:resource="http://www.w3.org/2001/XMLSchema#boolean"/>
		<cims:multiplicity rdf:resource="http://iec.ch/TC57/1999/rdf-schema-extensions-19990926#M:0..1"/>
		<cims:stereotype rdf:resource="http://langdale.com.au/2005/UML#attribute"/>
	</rdf:Description>
	<rdf:Description rdf:about="#PowerSystemResource.PSREvents">
		<rdf:type rdf:resource="http://www.w3.org/1999/02/22-rdf-syntax-ns#Property"/>
		<rdfs:label>PSREvents</rdfs:label>
		<rdfs:comment>All events associated with this power system resource.</rdfs:comment>
		<rdfs:domain rdf:resource="#PowerSystemResource"/>
		<rdfs:range rdf:resource="#PSREvent"/>
		<cims:multiplicity rdf:resource="http://iec.ch/TC57/1999/rdf-schema-extensions-19990926#M:0..n"/>
		<cims:inverseRoleName rdf:resource="#PSREvent.PowerSystemResource"/>
	</rdf:Description>
	<rdf:Description rdf:about="#PowerSystemResource.OperationalTags">
		<rdf:type rdf:resource="http://www.w3.org/1999/02/22-rdf-syntax-ns#Property"/>
		<rdfs:label>OperationalTags</rdfs:label>
		<rdfs:comment>All operational tags placed on this power system resource.</rdfs:comment>
		<rdfs:domain rdf:resource="#PowerSystemResource"/>
		<rdfs:range rdf:resource="#OperationalTag"/>
		<cims:multiplicity rdf:resource="http://iec.ch/TC57/1999/rdf-schema-extensions-19990926#M:0..n"/>
		<cims:inverseRoleName rdf:resource="#OperationalTag.PowerSystemResource"/>
	</rdf:Description>
	<rdf:Description rdf:about="#PowerSystemResource.ConfigurationEvent">
		<rdf:type rdf:resource="http://www.w3.org/1999/02/22-rdf-syntax-ns#Property"/>
		<rdfs:label>ConfigurationEvent</rdfs:label>
		<rdfs:domain rdf:resource="#PowerSystemResource"/>
		<rdfs:range rdf:resource="#ConfigurationEvent"/>
		<cims:multiplicity rdf:resource="http://iec.ch/TC57/1999/rdf-schema-extensions-19990926#M:0..n"/>
		<cims:inverseRoleName rdf:resource="#ConfigurationEvent.PowerSystemResource"/>
	</rdf:Description>
	<rdf:Description rdf:about="#PowerSystemResource.Assets">
		<rdf:type rdf:resource="http://www.w3.org/1999/02/22-rdf-syntax-ns#Property"/>
		<rdfs:label>Assets</rdfs:label>
		<rdfs:comment>All assets represented by this power system resource. For example, multiple conductor assets are electrically modelled as a single AC line segment.</rdfs:comment>
		<rdfs:domain rdf:resource="#PowerSystemResource"/>
		<rdfs:range rdf:resource="#Asset"/>
		<cims:multiplicity rdf:resource="http://iec.ch/TC57/1999/rdf-schema-extensions-19990926#M:0..n"/>
		<cims:inverseRoleName rdf:resource="#Asset.PowerSystemResources"/>
	</rdf:Description>
	<rdf:Description rdf:about="#PowerSystemResource.ReportingGroup">
		<rdf:type rdf:resource="http://www.w3.org/1999/02/22-rdf-syntax-ns#Property"/>
		<rdfs:label>ReportingGroup</rdfs:label>
		<rdfs:comment>Reporting groups to which this power system resource belongs.</rdfs:comment>
		<rdfs:domain rdf:resource="#PowerSystemResource"/>
		<rdfs:range rdf:resource="#ReportingGroup"/>
		<cims:multiplicity rdf:resource="http://iec.ch/TC57/1999/rdf-schema-extensions-19990926#M:0..n"/>
		<cims:inverseRoleName rdf:resource="#ReportingGroup.PowerSystemResource"/>
	</rdf:Description>
	<rdf:Description rdf:about="#PowerSystemResource.OperatingShare">
		<rdf:type rdf:resource="http://www.w3.org/1999/02/22-rdf-syntax-ns#Property"/>
		<rdfs:label>OperatingShare</rdfs:label>
		<rdfs:comment>The operating shares of this power system resource.</rdfs:comment>
		<rdfs:domain rdf:resource="#PowerSystemResource"/>
		<rdfs:range rdf:resource="#OperatingShare"/>
		<cims:multiplicity rdf:resource="http://iec.ch/TC57/1999/rdf-schema-extensions-19990926#M:0..n"/>
		<cims:inverseRoleName rdf:resource="#OperatingShare.PowerSystemResource"/>
	</rdf:Description>
	<rdf:Description rdf:about="#PowerSystemResource.PSRType">
		<rdf:type rdf:resource="http://www.w3.org/1999/02/22-rdf-syntax-ns#Property"/>
		<rdfs:label>PSRType</rdfs:label>
		<rdfs:comment>Custom classification for this power system resource.</rdfs:comment>
		<rdfs:domain rdf:resource="#PowerSystemResource"/>
		<rdfs:range rdf:resource="#PSRType"/>
		<cims:multiplicity rdf:resource="http://iec.ch/TC57/1999/rdf-schema-extensions-19990926#M:0..1"/>
		<cims:inverseRoleName rdf:resource="#PSRType.PowerSystemResources"/>
	</rdf:Description>
	<rdf:Description rdf:about="#PowerSystemResource.Measurements">
		<rdf:type rdf:resource="http://www.w3.org/1999/02/22-rdf-syntax-ns#Property"/>
		<rdfs:label>Measurements</rdfs:label>
		<rdfs:comment>The measurements associated with this power system resource.</rdfs:comment>
		<rdfs:domain rdf:resource="#PowerSystemResource"/>
		<rdfs:range rdf:resource="#Measurement"/>
		<cims:multiplicity rdf:resource="http://iec.ch/TC57/1999/rdf-schema-extensions-19990926#M:0..n"/>
		<cims:inverseRoleName rdf:resource="#Measurement.PowerSystemResource"/>
		<cims:stereotype rdf:resource="http://langdale.com.au/2005/UML#aggregateOf"/>
	</rdf:Description>
	<rdf:Description rdf:about="#Equipment.AdditionalEquipmentContainer">
		<rdf:type rdf:resource="http://www.w3.org/1999/02/22-rdf-syntax-ns#Property"/>
		<rdfs:label>AdditionalEquipmentContainer</rdfs:label>
		<rdfs:comment>Additional equipment container beyond the primary equipment container.  The equipment is contained in another equipment container, but also grouped with this equipment container.</rdfs:comment>
		<rdfs:domain rdf:resource="#Equipment"/>
		<rdfs:range rdf:resource="#EquipmentContainer"/>
		<cims:multiplicity rdf:resource="http://iec.ch/TC57/1999/rdf-schema-extensions-19990926#M:0..n"/>
		<cims:inverseRoleName rdf:resource="#EquipmentContainer.AdditionalGroupedEquipment"/>
	</rdf:Description>
	<rdf:Description rdf:about="#PowerSystemResource.Controls">
		<rdf:type rdf:resource="http://www.w3.org/1999/02/22-rdf-syntax-ns#Property"/>
		<rdfs:label>Controls</rdfs:label>
		<rdfs:comment>The controller outputs used to actually govern a regulating device, e.g. the magnetization of a synchronous machine or capacitor bank breaker actuator.</rdfs:comment>
		<rdfs:domain rdf:resource="#PowerSystemResource"/>
		<rdfs:range rdf:resource="#Control"/>
		<cims:multiplicity rdf:resource="http://iec.ch/TC57/1999/rdf-schema-extensions-19990926#M:0..n"/>
		<cims:inverseRoleName rdf:resource="#Control.PowerSystemResource"/>
	</rdf:Description>
	<rdf:Description rdf:about="#Equipment.OperationalRestrictions">
		<rdf:type rdf:resource="http://www.w3.org/1999/02/22-rdf-syntax-ns#Property"/>
		<rdfs:label>OperationalRestrictions</rdfs:label>
		<rdfs:comment>All operational restrictions for this equipment.</rdfs:comment>
		<rdfs:domain rdf:resource="#Equipment"/>
		<rdfs:range rdf:resource="#OperationalRestriction"/>
		<cims:multiplicity rdf:resource="http://iec.ch/TC57/1999/rdf-schema-extensions-19990926#M:0..n"/>
		<cims:inverseRoleName rdf:resource="#OperationalRestriction.Equipments"/>
	</rdf:Description>
	<rdf:Description rdf:about="#Equipment.Outages">
		<rdf:type rdf:resource="http://www.w3.org/1999/02/22-rdf-syntax-ns#Property"/>
		<rdfs:label>Outages</rdfs:label>
		<rdfs:comment>All outages in which this equipment is involved.</rdfs:comment>
		<rdfs:domain rdf:resource="#Equipment"/>
		<rdfs:range rdf:resource="#Outage"/>
		<cims:multiplicity rdf:resource="http://iec.ch/TC57/1999/rdf-schema-extensions-19990926#M:0..n"/>
		<cims:inverseRoleName rdf:resource="#Outage.Equipments"/>
	</rdf:Description>
	<rdf:Description rdf:about="#Equipment.WeatherStation">
		<rdf:type rdf:resource="http://www.w3.org/1999/02/22-rdf-syntax-ns#Property"/>
		<rdfs:label>WeatherStation</rdfs:label>
		<rdfs:domain rdf:resource="#Equipment"/>
		<rdfs:range rdf:resource="#WeatherStation"/>
		<cims:multiplicity rdf:resource="http://iec.ch/TC57/1999/rdf-schema-extensions-19990926#M:0..n"/>
		<cims:inverseRoleName rdf:resource="#WeatherStation.Equipment"/>
	</rdf:Description>
	<rdf:Description rdf:about="#Equipment.ProtectiveActionEquipment">
		<rdf:type rdf:resource="http://www.w3.org/1999/02/22-rdf-syntax-ns#Property"/>
		<rdfs:label>ProtectiveActionEquipment</rdfs:label>
		<rdfs:comment>Protective action is controlling equipment. This can be direct signals from the control center, or emulation of action done by protection equipment.</rdfs:comment>
		<rdfs:domain rdf:resource="#Equipment"/>
		<rdfs:range rdf:resource="#ProtectiveActionEquipment"/>
		<cims:multiplicity rdf:resource="http://iec.ch/TC57/1999/rdf-schema-extensions-19990926#M:0..n"/>
		<cims:inverseRoleName rdf:resource="#ProtectiveActionEquipment.Equipment"/>
	</rdf:Description>
	<rdf:Description rdf:about="#Equipment.EquipmentUnavailabilitySchedule">
		<rdf:type rdf:resource="http://www.w3.org/1999/02/22-rdf-syntax-ns#Property"/>
		<rdfs:label>EquipmentUnavailabilitySchedule</rdfs:label>
		<rdfs:domain rdf:resource="#Equipment"/>
		<rdfs:range rdf:resource="#EquipmentUnavailabilitySchedule"/>
		<cims:multiplicity rdf:resource="http://iec.ch/TC57/1999/rdf-schema-extensions-19990926#M:0..n"/>
		<cims:inverseRoleName rdf:resource="#EquipmentUnavailabilitySchedule.Equipment"/>
	</rdf:Description>
	<rdf:Description rdf:about="#Equipment.PinEquipment">
		<rdf:type rdf:resource="http://www.w3.org/1999/02/22-rdf-syntax-ns#Property"/>
		<rdfs:label>PinEquipment</rdfs:label>
		<rdfs:domain rdf:resource="#Equipment"/>
		<rdfs:range rdf:resource="#PinEquipment"/>
		<cims:multiplicity rdf:resource="http://iec.ch/TC57/1999/rdf-schema-extensions-19990926#M:0..n"/>
		<cims:inverseRoleName rdf:resource="#PinEquipment.Equipment"/>
	</rdf:Description>
	<rdf:Description rdf:about="#Equipment.UsagePoints">
		<rdf:type rdf:resource="http://www.w3.org/1999/02/22-rdf-syntax-ns#Property"/>
		<rdfs:label>UsagePoints</rdfs:label>
		<rdfs:comment>All usage points connected to the electrical grid through this equipment.</rdfs:comment>
		<rdfs:domain rdf:resource="#Equipment"/>
		<rdfs:range rdf:resource="#UsagePoint"/>
		<cims:multiplicity rdf:resource="http://iec.ch/TC57/1999/rdf-schema-extensions-19990926#M:0..n"/>
		<cims:inverseRoleName rdf:resource="#UsagePoint.Equipments"/>
	</rdf:Description>
	<rdf:Description rdf:about="#TapChanger.ltcFlag">
		<rdf:type rdf:resource="http://www.w3.org/1999/02/22-rdf-syntax-ns#Property"/>
		<rdfs:label>ltcFlag</rdfs:label>
		<rdfs:comment>Specifies whether or not a TapChanger has load tap changing capabilities.</rdfs:comment>
		<rdfs:domain rdf:resource="#TapChanger"/>
		<cims:dataType rdf:resource="http://www.w3.org/2001/XMLSchema#boolean"/>
		<cims:multiplicity rdf:resource="http://iec.ch/TC57/1999/rdf-schema-extensions-19990926#M:0..1"/>
		<cims:stereotype rdf:resource="http://langdale.com.au/2005/UML#attribute"/>
	</rdf:Description>
	<rdf:Description rdf:about="#TapChanger.neutralStep">
		<rdf:type rdf:resource="http://www.w3.org/1999/02/22-rdf-syntax-ns#Property"/>
		<rdfs:label>neutralStep</rdfs:label>
		<rdfs:comment>The neutral tap step position for this winding.
The attribute shall be equal to or greater than lowStep and equal or less than highStep.
It is the step position where the voltage is neutralU when the other terminals of the transformer are at the ratedU.  If there are other tap changers on the transformer those taps are kept constant at their neutralStep.</rdfs:comment>
		<rdfs:domain rdf:resource="#TapChanger"/>
		<cims:dataType rdf:resource="http://www.w3.org/2001/XMLSchema#integer"/>
		<cims:multiplicity rdf:resource="http://iec.ch/TC57/1999/rdf-schema-extensions-19990926#M:0..1"/>
		<cims:stereotype rdf:resource="http://langdale.com.au/2005/UML#attribute"/>
	</rdf:Description>
	<rdf:Description rdf:about="#Equipment.OperationalLimitSet">
		<rdf:type rdf:resource="http://www.w3.org/1999/02/22-rdf-syntax-ns#Property"/>
		<rdfs:label>OperationalLimitSet</rdfs:label>
		<rdfs:comment>The operational limit sets associated with this equipment.</rdfs:comment>
		<rdfs:domain rdf:resource="#Equipment"/>
		<rdfs:range rdf:resource="#OperationalLimitSet"/>
		<cims:multiplicity rdf:resource="http://iec.ch/TC57/1999/rdf-schema-extensions-19990926#M:0..n"/>
		<cims:inverseRoleName rdf:resource="#OperationalLimitSet.Equipment"/>
	</rdf:Description>
	<rdf:Description rdf:about="#Equipment.LimitDependencyModel">
		<rdf:type rdf:resource="http://www.w3.org/1999/02/22-rdf-syntax-ns#Property"/>
		<rdfs:label>LimitDependencyModel</rdfs:label>
		<rdfs:comment>Limit dependencymodels organized under this equipment as a means for organizing the model in a tree view.</rdfs:comment>
		<rdfs:domain rdf:resource="#Equipment"/>
		<rdfs:range rdf:resource="#LimitDependency"/>
		<cims:multiplicity rdf:resource="http://iec.ch/TC57/1999/rdf-schema-extensions-19990926#M:0..n"/>
		<cims:inverseRoleName rdf:resource="#LimitDependency.Equipment"/>
		<cims:stereotype rdf:resource="http://langdale.com.au/2005/UML#aggregateOf"/>
	</rdf:Description>
	<rdf:Description rdf:about="#Equipment.EqiupmentLimitSeriesComponent">
		<rdf:type rdf:resource="http://www.w3.org/1999/02/22-rdf-syntax-ns#Property"/>
		<rdfs:label>EqiupmentLimitSeriesComponent</rdfs:label>
		<rdfs:comment>Equipment limit series calculation component to which this equipment contributes.</rdfs:comment>
		<rdfs:domain rdf:resource="#Equipment"/>
		<rdfs:range rdf:resource="#EquipmentLimitSeriesComponent"/>
		<cims:multiplicity rdf:resource="http://iec.ch/TC57/1999/rdf-schema-extensions-19990926#M:0..n"/>
		<cims:inverseRoleName rdf:resource="#EquipmentLimitSeriesComponent.Equipment"/>
	</rdf:Description>
	<rdf:Description rdf:about="#Equipment.networkAnalysisEnabled">
		<rdf:type rdf:resource="http://www.w3.org/1999/02/22-rdf-syntax-ns#Property"/>
		<rdfs:label>networkAnalysisEnabled</rdfs:label>
		<rdfs:comment>The equipment is enabled to participate in network analysis.  If unspecified, the value is assumed to be true.</rdfs:comment>
		<rdfs:domain rdf:resource="#Equipment"/>
		<cims:dataType rdf:resource="http://www.w3.org/2001/XMLSchema#boolean"/>
		<cims:multiplicity rdf:resource="http://iec.ch/TC57/1999/rdf-schema-extensions-19990926#M:0..1"/>
		<cims:stereotype rdf:resource="http://langdale.com.au/2005/UML#attribute"/>
	</rdf:Description>
	<rdf:Description rdf:about="#TapChanger.neutralU">
		<rdf:type rdf:resource="http://www.w3.org/1999/02/22-rdf-syntax-ns#Property"/>
		<rdfs:label>neutralU</rdfs:label>
		<rdfs:comment>Voltage at which the winding operates at the neutral tap setting. It is the voltage at the terminal of the PowerTransformerEnd associated with the tap changer when all tap changers on the transformer are at their neutralStep position.  Normally neutralU of the tap changer is the same as ratedU of the PowerTransformerEnd, but it can differ in special cases such as when the tapping mechanism is separate from the winding more common on lower voltage transformers.
This attribute is not relevant for PhaseTapChangerAsymmetrical, PhaseTapChangerSymmetrical and PhaseTapChangerLinear.</rdfs:comment>
		<rdfs:domain rdf:resource="#TapChanger"/>
		<cims:dataType rdf:resource="#Voltage"/>
		<cims:multiplicity rdf:resource="http://iec.ch/TC57/1999/rdf-schema-extensions-19990926#M:0..1"/>
		<cims:stereotype rdf:resource="http://langdale.com.au/2005/UML#attribute"/>
	</rdf:Description>
	<rdf:Description rdf:about="#TapChanger.normalStep">
		<rdf:type rdf:resource="http://www.w3.org/1999/02/22-rdf-syntax-ns#Property"/>
		<rdfs:label>normalStep</rdfs:label>
		<rdfs:comment>The tap step position used in "normal" network operation for this winding. For a "Fixed" tap changer indicates the current physical tap setting.
The attribute shall be equal to or greater than lowStep and equal to or less than highStep.</rdfs:comment>
		<rdfs:domain rdf:resource="#TapChanger"/>
		<cims:dataType rdf:resource="http://www.w3.org/2001/XMLSchema#integer"/>
		<cims:multiplicity rdf:resource="http://iec.ch/TC57/1999/rdf-schema-extensions-19990926#M:0..1"/>
		<cims:stereotype rdf:resource="http://langdale.com.au/2005/UML#attribute"/>
	</rdf:Description>
	<rdf:Description rdf:about="#Equipment.aggregate">
		<rdf:type rdf:resource="http://www.w3.org/1999/02/22-rdf-syntax-ns#Property"/>
		<rdfs:label>aggregate</rdfs:label>
		<rdfs:comment>The aggregate flag provides an alternative way of representing an aggregated (equivalent) element. It is applicable in cases when the dedicated classes for equivalent equipment do not have all of the attributes necessary to represent the required level of detail.  In case the flag is set to “true” the single instance of equipment represents multiple pieces of equipment that have been modelled together as an aggregate equivalent obtained by a network reduction procedure. Examples would be power transformers or synchronous machines operating in parallel modelled as a single aggregate power transformer or aggregate synchronous machine.  
The attribute is not used for EquivalentBranch, EquivalentShunt and EquivalentInjection.</rdfs:comment>
		<rdfs:domain rdf:resource="#Equipment"/>
		<cims:dataType rdf:resource="http://www.w3.org/2001/XMLSchema#boolean"/>
		<cims:multiplicity rdf:resource="http://iec.ch/TC57/1999/rdf-schema-extensions-19990926#M:0..1"/>
		<cims:stereotype rdf:resource="http://langdale.com.au/2005/UML#attribute"/>
	</rdf:Description>
	<rdf:Description rdf:about="#TapChanger.subsequentDelay">
		<rdf:type rdf:resource="http://www.w3.org/1999/02/22-rdf-syntax-ns#Property"/>
		<rdfs:label>subsequentDelay</rdfs:label>
		<rdfs:comment>For an LTC, the delay for subsequent tap changer operation (second and later step changes).</rdfs:comment>
		<rdfs:domain rdf:resource="#TapChanger"/>
		<cims:dataType rdf:resource="#Seconds"/>
		<cims:multiplicity rdf:resource="http://iec.ch/TC57/1999/rdf-schema-extensions-19990926#M:0..1"/>
		<cims:stereotype rdf:resource="http://langdale.com.au/2005/UML#attribute"/>
	</rdf:Description>
	<rdf:Description rdf:about="#Equipment.inService">
		<rdf:type rdf:resource="http://www.w3.org/1999/02/22-rdf-syntax-ns#Property"/>
		<rdfs:label>inService</rdfs:label>
		<rdfs:comment>Specifies the availability of the equipment. True means the equipment is available for topology processing, which determines if the equipment is energized or not. False means that the equipment is treated by network applications as if it is not in the model.</rdfs:comment>
		<rdfs:domain rdf:resource="#Equipment"/>
		<cims:dataType rdf:resource="http://www.w3.org/2001/XMLSchema#boolean"/>
		<cims:multiplicity rdf:resource="http://iec.ch/TC57/1999/rdf-schema-extensions-19990926#M:0..1"/>
		<cims:stereotype rdf:resource="http://langdale.com.au/2005/UML#attribute"/>
	</rdf:Description>
	<rdf:Description rdf:about="#TapChanger.highStep">
		<rdf:type rdf:resource="http://www.w3.org/1999/02/22-rdf-syntax-ns#Property"/>
		<rdfs:label>highStep</rdfs:label>
		<rdfs:comment>Highest possible tap step position, advance from neutral.
The attribute shall be greater than lowStep.</rdfs:comment>
		<rdfs:domain rdf:resource="#TapChanger"/>
		<cims:dataType rdf:resource="http://www.w3.org/2001/XMLSchema#integer"/>
		<cims:multiplicity rdf:resource="http://iec.ch/TC57/1999/rdf-schema-extensions-19990926#M:0..1"/>
		<cims:stereotype rdf:resource="http://langdale.com.au/2005/UML#attribute"/>
	</rdf:Description>
	<rdf:Description rdf:about="#TapChanger.initialDelay">
		<rdf:type rdf:resource="http://www.w3.org/1999/02/22-rdf-syntax-ns#Property"/>
		<rdfs:label>initialDelay</rdfs:label>
		<rdfs:comment>For an LTC, the delay for initial tap changer operation (first step change).</rdfs:comment>
		<rdfs:domain rdf:resource="#TapChanger"/>
		<cims:dataType rdf:resource="#Seconds"/>
		<cims:multiplicity rdf:resource="http://iec.ch/TC57/1999/rdf-schema-extensions-19990926#M:0..1"/>
		<cims:stereotype rdf:resource="http://langdale.com.au/2005/UML#attribute"/>
	</rdf:Description>
	<rdf:Description rdf:about="#TapChanger.TapSchedules">
		<rdf:type rdf:resource="http://www.w3.org/1999/02/22-rdf-syntax-ns#Property"/>
		<rdfs:label>TapSchedules</rdfs:label>
		<rdfs:comment>A TapChanger can have TapSchedules.</rdfs:comment>
		<rdfs:domain rdf:resource="#TapChanger"/>
		<rdfs:range rdf:resource="#TapSchedule"/>
		<cims:multiplicity rdf:resource="http://iec.ch/TC57/1999/rdf-schema-extensions-19990926#M:0..n"/>
		<cims:inverseRoleName rdf:resource="#TapSchedule.TapChanger"/>
	</rdf:Description>
	<rdf:Description rdf:about="#TapChanger.TapChangerControl">
		<rdf:type rdf:resource="http://www.w3.org/1999/02/22-rdf-syntax-ns#Property"/>
		<rdfs:label>TapChangerControl</rdfs:label>
		<rdfs:comment>The regulating control scheme in which this tap changer participates.</rdfs:comment>
		<rdfs:domain rdf:resource="#TapChanger"/>
		<rdfs:range rdf:resource="#TapChangerControl"/>
		<cims:multiplicity rdf:resource="http://iec.ch/TC57/1999/rdf-schema-extensions-19990926#M:0..1"/>
		<cims:inverseRoleName rdf:resource="#TapChangerControl.TapChanger"/>
	</rdf:Description>
	<rdf:Description rdf:about="#TapChanger.lowStep">
		<rdf:type rdf:resource="http://www.w3.org/1999/02/22-rdf-syntax-ns#Property"/>
		<rdfs:label>lowStep</rdfs:label>
		<rdfs:comment>Lowest possible tap step position, retard from neutral.</rdfs:comment>
		<rdfs:domain rdf:resource="#TapChanger"/>
		<cims:dataType rdf:resource="http://www.w3.org/2001/XMLSchema#integer"/>
		<cims:multiplicity rdf:resource="http://iec.ch/TC57/1999/rdf-schema-extensions-19990926#M:0..1"/>
		<cims:stereotype rdf:resource="http://langdale.com.au/2005/UML#attribute"/>
	</rdf:Description>
	<rdf:Description rdf:about="#TapChanger.SvTapStep">
		<rdf:type rdf:resource="http://www.w3.org/1999/02/22-rdf-syntax-ns#Property"/>
		<rdfs:label>SvTapStep</rdfs:label>
		<rdfs:comment>The tap step state associated with the tap changer.</rdfs:comment>
		<rdfs:domain rdf:resource="#TapChanger"/>
		<rdfs:range rdf:resource="#SvTapStep"/>
		<cims:multiplicity rdf:resource="http://iec.ch/TC57/1999/rdf-schema-extensions-19990926#M:0..1"/>
		<cims:inverseRoleName rdf:resource="#SvTapStep.TapChanger"/>
	</rdf:Description>
	<rdf:Description rdf:about="#ConductingEquipment.JumpingAction">
		<rdf:type rdf:resource="http://www.w3.org/1999/02/22-rdf-syntax-ns#Property"/>
		<rdfs:label>JumpingAction</rdfs:label>
		<rdfs:comment>Jumper action involving jumping operation on this conducting equipment.</rdfs:comment>
		<rdfs:domain rdf:resource="#ConductingEquipment"/>
		<rdfs:range rdf:resource="#JumperAction"/>
		<cims:multiplicity rdf:resource="http://iec.ch/TC57/1999/rdf-schema-extensions-19990926#M:0..1"/>
		<cims:inverseRoleName rdf:resource="#JumperAction.JumpedEquipments"/>
	</rdf:Description>
	<rdf:Description rdf:about="#IdentifiedObject.description">
		<rdf:type rdf:resource="http://www.w3.org/1999/02/22-rdf-syntax-ns#Property"/>
		<rdfs:label>description</rdfs:label>
		<rdfs:comment>The description is a free human readable text describing or naming the object. It may be non unique and may not correlate to a naming hierarchy.</rdfs:comment>
		<rdfs:domain rdf:resource="#IdentifiedObject"/>
		<cims:dataType rdf:resource="http://www.w3.org/2001/XMLSchema#string"/>
		<cims:multiplicity rdf:resource="http://iec.ch/TC57/1999/rdf-schema-extensions-19990926#M:0..1"/>
		<cims:stereotype rdf:resource="http://langdale.com.au/2005/UML#attribute"/>
	</rdf:Description>
	<rdf:Description rdf:about="#ConductingEquipment.Outage">
		<rdf:type rdf:resource="http://www.w3.org/1999/02/22-rdf-syntax-ns#Property"/>
		<rdfs:label>Outage</rdfs:label>
		<rdfs:domain rdf:resource="#ConductingEquipment"/>
		<rdfs:range rdf:resource="#Outage"/>
		<cims:multiplicity rdf:resource="http://iec.ch/TC57/1999/rdf-schema-extensions-19990926#M:0..1"/>
		<cims:inverseRoleName rdf:resource="#Outage.OutageIsolationEquipment"/>
	</rdf:Description>
	<rdf:Description rdf:about="#ConductingEquipment.ProtectiveActionAdjustment">
		<rdf:type rdf:resource="http://www.w3.org/1999/02/22-rdf-syntax-ns#Property"/>
		<rdfs:label>ProtectiveActionAdjustment</rdfs:label>
		<rdfs:comment>The operating condition to the Conducting Equipment is changed when protective action adjustment is activated. For ShuntCompensator or other conducting equipment that operates on discrete values (integer), the values given in float will be rounded.</rdfs:comment>
		<rdfs:domain rdf:resource="#ConductingEquipment"/>
		<rdfs:range rdf:resource="#ProtectiveActionAdjustment"/>
		<cims:multiplicity rdf:resource="http://iec.ch/TC57/1999/rdf-schema-extensions-19990926#M:0..n"/>
		<cims:inverseRoleName rdf:resource="#ProtectiveActionAdjustment.ConductingEquipment"/>
	</rdf:Description>
	<rdf:Description rdf:about="#Equipment.EquipmentContainer">
		<rdf:type rdf:resource="http://www.w3.org/1999/02/22-rdf-syntax-ns#Property"/>
		<rdfs:label>EquipmentContainer</rdfs:label>
		<rdfs:comment>Container of this equipment.</rdfs:comment>
		<rdfs:domain rdf:resource="#Equipment"/>
		<rdfs:range rdf:resource="#EquipmentContainer"/>
		<cims:multiplicity rdf:resource="http://iec.ch/TC57/1999/rdf-schema-extensions-19990926#M:0..1"/>
		<cims:inverseRoleName rdf:resource="#EquipmentContainer.Equipments"/>
		<cims:stereotype rdf:resource="http://langdale.com.au/2005/UML#ofAggregate"/>
	</rdf:Description>
	<rdf:Description rdf:about="#Equipment.ContingencyEquipment">
		<rdf:type rdf:resource="http://www.w3.org/1999/02/22-rdf-syntax-ns#Property"/>
		<rdfs:label>ContingencyEquipment</rdfs:label>
		<rdfs:comment>The contingency equipments in which this equipment participates.</rdfs:comment>
		<rdfs:domain rdf:resource="#Equipment"/>
		<rdfs:range rdf:resource="#ContingencyEquipment"/>
		<cims:multiplicity rdf:resource="http://iec.ch/TC57/1999/rdf-schema-extensions-19990926#M:0..n"/>
		<cims:inverseRoleName rdf:resource="#ContingencyEquipment.Equipment"/>
	</rdf:Description>
	<rdf:Description rdf:about="#ConductingEquipment.GroundingAction">
		<rdf:type rdf:resource="http://www.w3.org/1999/02/22-rdf-syntax-ns#Property"/>
		<rdfs:label>GroundingAction</rdfs:label>
		<rdfs:comment>Action involving grounding operation on this conducting equipment.</rdfs:comment>
		<rdfs:domain rdf:resource="#ConductingEquipment"/>
		<rdfs:range rdf:resource="#GroundAction"/>
		<cims:multiplicity rdf:resource="http://iec.ch/TC57/1999/rdf-schema-extensions-19990926#M:0..1"/>
		<cims:inverseRoleName rdf:resource="#GroundAction.GroundedEquipment"/>
	</rdf:Description>
	<rdf:Description rdf:about="#Equipment.Faults">
		<rdf:type rdf:resource="http://www.w3.org/1999/02/22-rdf-syntax-ns#Property"/>
		<rdfs:label>Faults</rdfs:label>
		<rdfs:comment>All faults on this equipment.</rdfs:comment>
		<rdfs:domain rdf:resource="#Equipment"/>
		<rdfs:range rdf:resource="#Fault"/>
		<cims:multiplicity rdf:resource="http://iec.ch/TC57/1999/rdf-schema-extensions-19990926#M:0..n"/>
		<cims:inverseRoleName rdf:resource="#Fault.FaultyEquipment"/>
	</rdf:Description>
	<rdf:Description rdf:about="#TransformerEnd.BaseVoltage">
		<rdf:type rdf:resource="http://www.w3.org/1999/02/22-rdf-syntax-ns#Property"/>
		<rdfs:label>BaseVoltage</rdfs:label>
		<rdfs:comment>Base voltage of the transformer end.  This is essential for PU calculation.</rdfs:comment>
		<rdfs:domain rdf:resource="#TransformerEnd"/>
		<rdfs:range rdf:resource="#BaseVoltage"/>
		<cims:multiplicity rdf:resource="http://iec.ch/TC57/1999/rdf-schema-extensions-19990926#M:0..1"/>
		<cims:inverseRoleName rdf:resource="#BaseVoltage.TransformerEnds"/>
	</rdf:Description>
	<rdf:Description rdf:about="#TransformerEnd.ToMeshImpedance">
		<rdf:type rdf:resource="http://www.w3.org/1999/02/22-rdf-syntax-ns#Property"/>
		<rdfs:label>ToMeshImpedance</rdfs:label>
		<rdfs:comment>All mesh impedances between this 'from' and other 'to' transformer ends.</rdfs:comment>
		<rdfs:domain rdf:resource="#TransformerEnd"/>
		<rdfs:range rdf:resource="#TransformerMeshImpedance"/>
		<cims:multiplicity rdf:resource="http://iec.ch/TC57/1999/rdf-schema-extensions-19990926#M:0..n"/>
		<cims:inverseRoleName rdf:resource="#TransformerMeshImpedance.ToTransformerEnd"/>
	</rdf:Description>
	<rdf:Description rdf:about="#TransformerEnd.FromMeshImpedance">
		<rdf:type rdf:resource="http://www.w3.org/1999/02/22-rdf-syntax-ns#Property"/>
		<rdfs:label>FromMeshImpedance</rdfs:label>
		<rdfs:comment>All mesh impedances between this 'to' and other 'from' transformer ends.</rdfs:comment>
		<rdfs:domain rdf:resource="#TransformerEnd"/>
		<rdfs:range rdf:resource="#TransformerMeshImpedance"/>
		<cims:multiplicity rdf:resource="http://iec.ch/TC57/1999/rdf-schema-extensions-19990926#M:0..n"/>
		<cims:inverseRoleName rdf:resource="#TransformerMeshImpedance.FromTransformerEnd"/>
	</rdf:Description>
	<rdf:Description rdf:about="#TransformerEnd.magBaseU">
		<rdf:type rdf:resource="http://www.w3.org/1999/02/22-rdf-syntax-ns#Property"/>
		<rdfs:label>magBaseU</rdfs:label>
		<rdfs:comment>The reference voltage at which the magnetizing saturation measurements were made.</rdfs:comment>
		<rdfs:domain rdf:resource="#TransformerEnd"/>
		<cims:dataType rdf:resource="#Voltage"/>
		<cims:multiplicity rdf:resource="http://iec.ch/TC57/1999/rdf-schema-extensions-19990926#M:0..1"/>
		<cims:stereotype rdf:resource="http://langdale.com.au/2005/UML#attribute"/>
	</rdf:Description>
	<rdf:Description rdf:about="#ConductingEquipment.BaseVoltage">
		<rdf:type rdf:resource="http://www.w3.org/1999/02/22-rdf-syntax-ns#Property"/>
		<rdfs:label>BaseVoltage</rdfs:label>
		<rdfs:comment>Base voltage of this conducting equipment.  Use only when there is no voltage level container used and only one base voltage applies.  For example, not used for transformers.</rdfs:comment>
		<rdfs:domain rdf:resource="#ConductingEquipment"/>
		<rdfs:range rdf:resource="#BaseVoltage"/>
		<cims:multiplicity rdf:resource="http://iec.ch/TC57/1999/rdf-schema-extensions-19990926#M:0..1"/>
		<cims:inverseRoleName rdf:resource="#BaseVoltage.ConductingEquipment"/>
	</rdf:Description>
	<rdf:Description rdf:about="#TransformerEnd.grounded">
		<rdf:type rdf:resource="http://www.w3.org/1999/02/22-rdf-syntax-ns#Property"/>
		<rdfs:label>grounded</rdfs:label>
		<rdfs:comment>(for Yn and Zn connections) True if the neutral is solidly grounded.</rdfs:comment>
		<rdfs:domain rdf:resource="#TransformerEnd"/>
		<cims:dataType rdf:resource="http://www.w3.org/2001/XMLSchema#boolean"/>
		<cims:multiplicity rdf:resource="http://iec.ch/TC57/1999/rdf-schema-extensions-19990926#M:0..1"/>
		<cims:stereotype rdf:resource="http://langdale.com.au/2005/UML#attribute"/>
	</rdf:Description>
	<rdf:Description rdf:about="#TransformerEnd.PhaseTapChanger">
		<rdf:type rdf:resource="http://www.w3.org/1999/02/22-rdf-syntax-ns#Property"/>
		<rdfs:label>PhaseTapChanger</rdfs:label>
		<rdfs:comment>Phase tap changer associated with this transformer end.</rdfs:comment>
		<rdfs:domain rdf:resource="#TransformerEnd"/>
		<rdfs:range rdf:resource="#PhaseTapChanger"/>
		<cims:multiplicity rdf:resource="http://iec.ch/TC57/1999/rdf-schema-extensions-19990926#M:0..1"/>
		<cims:inverseRoleName rdf:resource="#PhaseTapChanger.TransformerEnd"/>
	</rdf:Description>
	<rdf:Description rdf:about="#ConductingEquipment.Terminals">
		<rdf:type rdf:resource="http://www.w3.org/1999/02/22-rdf-syntax-ns#Property"/>
		<rdfs:label>Terminals</rdfs:label>
		<rdfs:comment>Conducting equipment have terminals that may be connected to other conducting equipment terminals via connectivity nodes or topological nodes.</rdfs:comment>
		<rdfs:domain rdf:resource="#ConductingEquipment"/>
		<rdfs:range rdf:resource="#Terminal"/>
		<cims:multiplicity rdf:resource="http://iec.ch/TC57/1999/rdf-schema-extensions-19990926#M:0..n"/>
		<cims:inverseRoleName rdf:resource="#Terminal.ConductingEquipment"/>
	</rdf:Description>
	<rdf:Description rdf:about="#TransformerEnd.rground">
		<rdf:type rdf:resource="http://www.w3.org/1999/02/22-rdf-syntax-ns#Property"/>
		<rdfs:label>rground</rdfs:label>
		<rdfs:comment>(for Yn and Zn connections) Resistance part of neutral impedance where 'grounded' is true.</rdfs:comment>
		<rdfs:domain rdf:resource="#TransformerEnd"/>
		<cims:dataType rdf:resource="#Resistance"/>
		<cims:multiplicity rdf:resource="http://iec.ch/TC57/1999/rdf-schema-extensions-19990926#M:0..1"/>
		<cims:stereotype rdf:resource="http://langdale.com.au/2005/UML#attribute"/>
	</rdf:Description>
	<rdf:Description rdf:about="#TransformerEnd.RatioTapChanger">
		<rdf:type rdf:resource="http://www.w3.org/1999/02/22-rdf-syntax-ns#Property"/>
		<rdfs:label>RatioTapChanger</rdfs:label>
		<rdfs:comment>Ratio tap changer associated with this transformer end.</rdfs:comment>
		<rdfs:domain rdf:resource="#TransformerEnd"/>
		<rdfs:range rdf:resource="#RatioTapChanger"/>
		<cims:multiplicity rdf:resource="http://iec.ch/TC57/1999/rdf-schema-extensions-19990926#M:0..1"/>
		<cims:inverseRoleName rdf:resource="#RatioTapChanger.TransformerEnd"/>
	</rdf:Description>
	<rdf:Description rdf:about="#TransformerEnd.magSatFlux">
		<rdf:type rdf:resource="http://www.w3.org/1999/02/22-rdf-syntax-ns#Property"/>
		<rdfs:label>magSatFlux</rdfs:label>
		<rdfs:comment>Core magnetizing saturation curve knee flux level.</rdfs:comment>
		<rdfs:domain rdf:resource="#TransformerEnd"/>
		<cims:dataType rdf:resource="#PerCent"/>
		<cims:multiplicity rdf:resource="http://iec.ch/TC57/1999/rdf-schema-extensions-19990926#M:0..1"/>
		<cims:stereotype rdf:resource="http://langdale.com.au/2005/UML#attribute"/>
	</rdf:Description>
	<rdf:Description rdf:about="#TransformerEnd.xground">
		<rdf:type rdf:resource="http://www.w3.org/1999/02/22-rdf-syntax-ns#Property"/>
		<rdfs:label>xground</rdfs:label>
		<rdfs:comment>(for Yn and Zn connections) Reactive part of neutral impedance where 'grounded' is true.</rdfs:comment>
		<rdfs:domain rdf:resource="#TransformerEnd"/>
		<cims:dataType rdf:resource="#Reactance"/>
		<cims:multiplicity rdf:resource="http://iec.ch/TC57/1999/rdf-schema-extensions-19990926#M:0..1"/>
		<cims:stereotype rdf:resource="http://langdale.com.au/2005/UML#attribute"/>
	</rdf:Description>
	<rdf:Description rdf:about="#TransformerEnd.StarImpedance">
		<rdf:type rdf:resource="http://www.w3.org/1999/02/22-rdf-syntax-ns#Property"/>
		<rdfs:label>StarImpedance</rdfs:label>
		<rdfs:comment>(accurate for 2- or 3-winding transformers only) Pi-model impedances of this transformer end. By convention, for a two winding transformer, the full values of the transformer should be entered on the high voltage end (endNumber=1).</rdfs:comment>
		<rdfs:domain rdf:resource="#TransformerEnd"/>
		<rdfs:range rdf:resource="#TransformerStarImpedance"/>
		<cims:multiplicity rdf:resource="http://iec.ch/TC57/1999/rdf-schema-extensions-19990926#M:0..1"/>
		<cims:inverseRoleName rdf:resource="#TransformerStarImpedance.TransformerEnd"/>
	</rdf:Description>
	<rdf:Description rdf:about="#TransformerEnd.CoreAdmittance">
		<rdf:type rdf:resource="http://www.w3.org/1999/02/22-rdf-syntax-ns#Property"/>
		<rdfs:label>CoreAdmittance</rdfs:label>
		<rdfs:comment>Core admittance of this transformer end, representing magnetising current and core losses. The full values of the transformer should be supplied for one transformer end only.</rdfs:comment>
		<rdfs:domain rdf:resource="#TransformerEnd"/>
		<rdfs:range rdf:resource="#TransformerCoreAdmittance"/>
		<cims:multiplicity rdf:resource="http://iec.ch/TC57/1999/rdf-schema-extensions-19990926#M:0..1"/>
		<cims:inverseRoleName rdf:resource="#TransformerCoreAdmittance.TransformerEnd"/>
	</rdf:Description>
	<rdf:Description rdf:about="#TransformerEnd.Terminal">
		<rdf:type rdf:resource="http://www.w3.org/1999/02/22-rdf-syntax-ns#Property"/>
		<rdfs:label>Terminal</rdfs:label>
		<rdfs:comment>Terminal of the power transformer to which this transformer end belongs.</rdfs:comment>
		<rdfs:domain rdf:resource="#TransformerEnd"/>
		<rdfs:range rdf:resource="#Terminal"/>
		<cims:multiplicity rdf:resource="http://iec.ch/TC57/1999/rdf-schema-extensions-19990926#M:0..1"/>
		<cims:inverseRoleName rdf:resource="#Terminal.TransformerEnd"/>
	</rdf:Description>
	<rdf:Description rdf:about="#IdentifiedObject">
		<rdf:type rdf:resource="http://www.w3.org/2000/01/rdf-schema#Class"/>
		<rdfs:label>#IdentifiedObject</rdfs:label>
		<rdfs:comment>This is a root class to provide common identification for all classes needing identification and naming attributes.</rdfs:comment>
		<cims:belongsToCategory rdf:resource="#Package_PowerTransformer"/>
	</rdf:Description>
	<rdf:Description rdf:about="#PowerSystemResource">
		<rdf:type rdf:resource="http://www.w3.org/2000/01/rdf-schema#Class"/>
		<rdfs:label>#PowerSystemResource</rdfs:label>
		<rdfs:comment>A power system resource (PSR) can be an item of equipment such as a switch, an equipment container containing many individual items of equipment such as a substation, or an organisational entity such as sub-control area. Power system resources can have measurements associated.</rdfs:comment>
		<cims:belongsToCategory rdf:resource="#Package_Core"/>
		<rdfs:subClassOf rdf:resource="#IdentifiedObject"/>
	</rdf:Description>
	<rdf:Description rdf:about="#SvStatus.ConductingEquipment">
		<rdf:type rdf:resource="http://www.w3.org/1999/02/22-rdf-syntax-ns#Property"/>
		<rdfs:label>ConductingEquipment</rdfs:label>
		<rdfs:comment>The conducting equipment associated with the status state variable.</rdfs:comment>
		<rdfs:domain rdf:resource="#SvStatus"/>
		<rdfs:range rdf:resource="#ConductingEquipment"/>
		<cims:multiplicity rdf:resource="http://iec.ch/TC57/1999/rdf-schema-extensions-19990926#M:1"/>
		<cims:inverseRoleName rdf:resource="#ConductingEquipment.SvStatus"/>
	</rdf:Description>
	<rdf:Description rdf:about="#PinEquipment.Equipment">
		<rdf:type rdf:resource="http://www.w3.org/1999/02/22-rdf-syntax-ns#Property"/>
		<rdfs:label>Equipment</rdfs:label>
		<rdfs:comment>The Equipment that should be used in compare.</rdfs:comment>
		<rdfs:domain rdf:resource="#PinEquipment"/>
		<rdfs:range rdf:resource="#Equipment"/>
		<cims:multiplicity rdf:resource="http://iec.ch/TC57/1999/rdf-schema-extensions-19990926#M:1"/>
		<cims:inverseRoleName rdf:resource="#Equipment.PinEquipment"/>
	</rdf:Description>
	<rdf:Description rdf:about="#ConfigurationEvent.PowerSystemResource">
		<rdf:type rdf:resource="http://www.w3.org/1999/02/22-rdf-syntax-ns#Property"/>
		<rdfs:label>PowerSystemResource</rdfs:label>
		<rdfs:domain rdf:resource="#ConfigurationEvent"/>
		<rdfs:range rdf:resource="#PowerSystemResource"/>
		<cims:multiplicity rdf:resource="http://iec.ch/TC57/1999/rdf-schema-extensions-19990926#M:0..1"/>
		<cims:inverseRoleName rdf:resource="#PowerSystemResource.ConfigurationEvent"/>
	</rdf:Description>
	<rdf:Description rdf:about="#EquipmentContainer.AdditionalGroupedEquipment">
		<rdf:type rdf:resource="http://www.w3.org/1999/02/22-rdf-syntax-ns#Property"/>
		<rdfs:label>AdditionalGroupedEquipment</rdfs:label>
		<rdfs:comment>The additonal contained equipment.  The equipment belong to the equipment container. The equipment is contained in another equipment container, but also grouped with this equipment container.  Examples include when a switch contained in a substation is also desired to be grouped with a line contianer or when a switch is included in a secondary substation and also grouped in a feeder.</rdfs:comment>
		<rdfs:domain rdf:resource="#EquipmentContainer"/>
		<rdfs:range rdf:resource="#Equipment"/>
		<cims:multiplicity rdf:resource="http://iec.ch/TC57/1999/rdf-schema-extensions-19990926#M:0..n"/>
		<cims:inverseRoleName rdf:resource="#Equipment.AdditionalEquipmentContainer"/>
	</rdf:Description>
	<rdf:Description rdf:about="#OperatingShare.PowerSystemResource">
		<rdf:type rdf:resource="http://www.w3.org/1999/02/22-rdf-syntax-ns#Property"/>
		<rdfs:label>PowerSystemResource</rdfs:label>
		<rdfs:comment>The power system resource to which the share applies.</rdfs:comment>
		<rdfs:domain rdf:resource="#OperatingShare"/>
		<rdfs:range rdf:resource="#PowerSystemResource"/>
		<cims:multiplicity rdf:resource="http://iec.ch/TC57/1999/rdf-schema-extensions-19990926#M:1"/>
		<cims:inverseRoleName rdf:resource="#PowerSystemResource.OperatingShare"/>
	</rdf:Description>
	<rdf:Description rdf:about="#PSRType.PowerSystemResources">
		<rdf:type rdf:resource="http://www.w3.org/1999/02/22-rdf-syntax-ns#Property"/>
		<rdfs:label>PowerSystemResources</rdfs:label>
		<rdfs:comment>Power system resources classified with this power system resource type.</rdfs:comment>
		<rdfs:domain rdf:resource="#PSRType"/>
		<rdfs:range rdf:resource="#PowerSystemResource"/>
		<cims:multiplicity rdf:resource="http://iec.ch/TC57/1999/rdf-schema-extensions-19990926#M:0..n"/>
		<cims:inverseRoleName rdf:resource="#PowerSystemResource.PSRType"/>
	</rdf:Description>
	<rdf:Description rdf:about="#ProtectiveActionAdjustment.ConductingEquipment">
		<rdf:type rdf:resource="http://www.w3.org/1999/02/22-rdf-syntax-ns#Property"/>
		<rdfs:label>ConductingEquipment</rdfs:label>
		<rdfs:comment>ConductingEquipment whose operating condition is changed when this protective action adjustment gets activated.</rdfs:comment>
		<rdfs:domain rdf:resource="#ProtectiveActionAdjustment"/>
		<rdfs:range rdf:resource="#ConductingEquipment"/>
		<cims:multiplicity rdf:resource="http://iec.ch/TC57/1999/rdf-schema-extensions-19990926#M:1"/>
		<cims:inverseRoleName rdf:resource="#ConductingEquipment.ProtectiveActionAdjustment"/>
	</rdf:Description>
	<rdf:Description rdf:about="#WeatherStation.Equipment">
		<rdf:type rdf:resource="http://www.w3.org/1999/02/22-rdf-syntax-ns#Property"/>
		<rdfs:label>Equipment</rdfs:label>
		<rdfs:domain rdf:resource="#WeatherStation"/>
		<rdfs:range rdf:resource="#Equipment"/>
		<cims:multiplicity rdf:resource="http://iec.ch/TC57/1999/rdf-schema-extensions-19990926#M:0..n"/>
		<cims:inverseRoleName rdf:resource="#Equipment.WeatherStation"/>
	</rdf:Description>
	<rdf:Description rdf:about="#ProtectiveActionEquipment.Equipment">
		<rdf:type rdf:resource="http://www.w3.org/1999/02/22-rdf-syntax-ns#Property"/>
		<rdfs:label>Equipment</rdfs:label>
		<rdfs:domain rdf:resource="#ProtectiveActionEquipment"/>
		<rdfs:range rdf:resource="#Equipment"/>
		<cims:multiplicity rdf:resource="http://iec.ch/TC57/1999/rdf-schema-extensions-19990926#M:1"/>
		<cims:inverseRoleName rdf:resource="#Equipment.ProtectiveActionEquipment"/>
	</rdf:Description>
	<rdf:Description rdf:about="#OperationalRestriction.Equipments">
		<rdf:type rdf:resource="http://www.w3.org/1999/02/22-rdf-syntax-ns#Property"/>
		<rdfs:label>Equipments</rdfs:label>
		<rdfs:comment>All equipments to which this restriction applies.</rdfs:comment>
		<rdfs:domain rdf:resource="#OperationalRestriction"/>
		<rdfs:range rdf:resource="#Equipment"/>
		<cims:multiplicity rdf:resource="http://iec.ch/TC57/1999/rdf-schema-extensions-19990926#M:0..n"/>
		<cims:inverseRoleName rdf:resource="#Equipment.OperationalRestrictions"/>
	</rdf:Description>
	<rdf:Description rdf:about="#PSREvent.PowerSystemResource">
		<rdf:type rdf:resource="http://www.w3.org/1999/02/22-rdf-syntax-ns#Property"/>
		<rdfs:label>PowerSystemResource</rdfs:label>
		<rdfs:comment>Power system resource that generated this event.</rdfs:comment>
		<rdfs:domain rdf:resource="#PSREvent"/>
		<rdfs:range rdf:resource="#PowerSystemResource"/>
		<cims:multiplicity rdf:resource="http://iec.ch/TC57/1999/rdf-schema-extensions-19990926#M:0..1"/>
		<cims:inverseRoleName rdf:resource="#PowerSystemResource.PSREvents"/>
	</rdf:Description>
	<rdf:Description rdf:about="#OperationalTag.PowerSystemResource">
		<rdf:type rdf:resource="http://www.w3.org/1999/02/22-rdf-syntax-ns#Property"/>
		<rdfs:label>PowerSystemResource</rdfs:label>
		<rdfs:comment>Power system resource on which this tag has been placed.</rdfs:comment>
		<rdfs:domain rdf:resource="#OperationalTag"/>
		<rdfs:range rdf:resource="#PowerSystemResource"/>
		<cims:multiplicity rdf:resource="http://iec.ch/TC57/1999/rdf-schema-extensions-19990926#M:0..1"/>
		<cims:inverseRoleName rdf:resource="#PowerSystemResource.OperationalTags"/>
	</rdf:Description>
	<rdf:Description rdf:about="#JumperAction.JumpedEquipments">
		<rdf:type rdf:resource="http://www.w3.org/1999/02/22-rdf-syntax-ns#Property"/>
		<rdfs:label>JumpedEquipments</rdfs:label>
		<rdfs:comment>Conducting equipment is affected when the jumper action connects one or both ends of a jumper to the conducting equipment. If the jumper action involves placing one or both ends of a jumper anywhere along a line segment, you must use the clamp (to get the distance from one terminal), using the explicit relation with clamp. In the case of placing one or both ends of the jumper at a line segment terminal, reference to one or more line segments is sufficient.</rdfs:comment>
		<rdfs:domain rdf:resource="#JumperAction"/>
		<rdfs:range rdf:resource="#ConductingEquipment"/>
		<cims:multiplicity rdf:resource="http://iec.ch/TC57/1999/rdf-schema-extensions-19990926#M:0..n"/>
		<cims:inverseRoleName rdf:resource="#ConductingEquipment.JumpingAction"/>
	</rdf:Description>
	<rdf:Description rdf:about="#OperationalLimitSet.Equipment">
		<rdf:type rdf:resource="http://www.w3.org/1999/02/22-rdf-syntax-ns#Property"/>
		<rdfs:label>Equipment</rdfs:label>
		<rdfs:comment>The equipment to which the limit set applies.</rdfs:comment>
		<rdfs:domain rdf:resource="#OperationalLimitSet"/>
		<rdfs:range rdf:resource="#Equipment"/>
		<cims:multiplicity rdf:resource="http://iec.ch/TC57/1999/rdf-schema-extensions-19990926#M:0..1"/>
		<cims:inverseRoleName rdf:resource="#Equipment.OperationalLimitSet"/>
	</rdf:Description>
	<rdf:Description rdf:about="#SvTapStep.TapChanger">
		<rdf:type rdf:resource="http://www.w3.org/1999/02/22-rdf-syntax-ns#Property"/>
		<rdfs:label>TapChanger</rdfs:label>
		<rdfs:comment>The tap changer associated with the tap step state.</rdfs:comment>
		<rdfs:domain rdf:resource="#SvTapStep"/>
		<rdfs:range rdf:resource="#TapChanger"/>
		<cims:multiplicity rdf:resource="http://iec.ch/TC57/1999/rdf-schema-extensions-19990926#M:1"/>
		<cims:inverseRoleName rdf:resource="#TapChanger.SvTapStep"/>
	</rdf:Description>
	<rdf:Description rdf:about="#Terminal.ConductingEquipment">
		<rdf:type rdf:resource="http://www.w3.org/1999/02/22-rdf-syntax-ns#Property"/>
		<rdfs:label>ConductingEquipment</rdfs:label>
		<rdfs:comment>The conducting equipment of the terminal.  Conducting equipment have  terminals that may be connected to other conducting equipment terminals via connectivity nodes or topological nodes.</rdfs:comment>
		<rdfs:domain rdf:resource="#Terminal"/>
		<rdfs:range rdf:resource="#ConductingEquipment"/>
		<cims:multiplicity rdf:resource="http://iec.ch/TC57/1999/rdf-schema-extensions-19990926#M:1"/>
		<cims:inverseRoleName rdf:resource="#ConductingEquipment.Terminals"/>
	</rdf:Description>
	<rdf:Description rdf:about="#TransformerTank.PowerTransformer">
		<rdf:type rdf:resource="http://www.w3.org/1999/02/22-rdf-syntax-ns#Property"/>
		<rdfs:label>PowerTransformer</rdfs:label>
		<rdfs:comment>Bank this transformer belongs to.</rdfs:comment>
		<rdfs:domain rdf:resource="#TransformerTank"/>
		<rdfs:range rdf:resource="#PowerTransformer"/>
		<cims:multiplicity rdf:resource="http://iec.ch/TC57/1999/rdf-schema-extensions-19990926#M:0..1"/>
		<cims:inverseRoleName rdf:resource="#PowerTransformer.TransformerTanks"/>
	</rdf:Description>
	<rdf:Description rdf:about="#RatioTapChangerTable.RatioTapChanger">
		<rdf:type rdf:resource="http://www.w3.org/1999/02/22-rdf-syntax-ns#Property"/>
		<rdfs:label>RatioTapChanger</rdfs:label>
		<rdfs:comment>The ratio tap changer of this tap ratio table.</rdfs:comment>
		<rdfs:domain rdf:resource="#RatioTapChangerTable"/>
		<rdfs:range rdf:resource="#RatioTapChanger"/>
		<cims:multiplicity rdf:resource="http://iec.ch/TC57/1999/rdf-schema-extensions-19990926#M:0..n"/>
		<cims:inverseRoleName rdf:resource="#RatioTapChanger.RatioTapChangerTable"/>
	</rdf:Description>
	<rdf:Description rdf:about="#GenericAction.PowerSystemResource">
		<rdf:type rdf:resource="http://www.w3.org/1999/02/22-rdf-syntax-ns#Property"/>
		<rdfs:label>PowerSystemResource</rdfs:label>
		<rdfs:domain rdf:resource="#GenericAction"/>
		<rdfs:range rdf:resource="#PowerSystemResource"/>
		<cims:multiplicity rdf:resource="http://iec.ch/TC57/1999/rdf-schema-extensions-19990926#M:0..1"/>
		<cims:inverseRoleName rdf:resource="#PowerSystemResource.GenericAction"/>
	</rdf:Description>
	<rdf:Description rdf:about="#ClearanceDocument.TaggedPSRs">
		<rdf:type rdf:resource="http://www.w3.org/1999/02/22-rdf-syntax-ns#Property"/>
		<rdfs:label>TaggedPSRs</rdfs:label>
		<rdfs:comment>All power system resources tagged through this clearance.</rdfs:comment>
		<rdfs:domain rdf:resource="#ClearanceDocument"/>
		<rdfs:range rdf:resource="#PowerSystemResource"/>
		<cims:multiplicity rdf:resource="http://iec.ch/TC57/1999/rdf-schema-extensions-19990926#M:0..n"/>
		<cims:inverseRoleName rdf:resource="#PowerSystemResource.Clearances"/>
	</rdf:Description>
	<rdf:Description rdf:about="#GroundAction.GroundedEquipment">
		<rdf:type rdf:resource="http://www.w3.org/1999/02/22-rdf-syntax-ns#Property"/>
		<rdfs:label>GroundedEquipment</rdfs:label>
		<rdfs:comment>Equipment being grounded with this operation. In case of placing a ground anywhere along a line segment, you must use the clamp (to get the distance from one terminal), so use the explicit relation with line segment. In all other cases (including placing the ground at a line segment terminal), reference to one or more conducting equipment is sufficient.</rdfs:comment>
		<rdfs:domain rdf:resource="#GroundAction"/>
		<rdfs:range rdf:resource="#ConductingEquipment"/>
		<cims:multiplicity rdf:resource="http://iec.ch/TC57/1999/rdf-schema-extensions-19990926#M:0..1"/>
		<cims:inverseRoleName rdf:resource="#ConductingEquipment.GroundingAction"/>
	</rdf:Description>
	<rdf:Description rdf:about="#VerificationAction.PowerSystemResource">
		<rdf:type rdf:resource="http://www.w3.org/1999/02/22-rdf-syntax-ns#Property"/>
		<rdfs:label>PowerSystemResource</rdfs:label>
		<rdfs:domain rdf:resource="#VerificationAction"/>
		<rdfs:range rdf:resource="#PowerSystemResource"/>
		<cims:multiplicity rdf:resource="http://iec.ch/TC57/1999/rdf-schema-extensions-19990926#M:0..1"/>
		<cims:inverseRoleName rdf:resource="#PowerSystemResource.VerificationAction"/>
	</rdf:Description>
	<rdf:Description rdf:about="#TapSchedule.TapChanger">
		<rdf:type rdf:resource="http://www.w3.org/1999/02/22-rdf-syntax-ns#Property"/>
		<rdfs:label>TapChanger</rdfs:label>
		<rdfs:comment>A TapSchedule is associated with a TapChanger.</rdfs:comment>
		<rdfs:domain rdf:resource="#TapSchedule"/>
		<rdfs:range rdf:resource="#TapChanger"/>
		<cims:multiplicity rdf:resource="http://iec.ch/TC57/1999/rdf-schema-extensions-19990926#M:1"/>
		<cims:inverseRoleName rdf:resource="#TapChanger.TapSchedules"/>
	</rdf:Description>
	<rdf:Description rdf:about="#TransformerCoreAdmittance.TransformerEnd">
		<rdf:type rdf:resource="http://www.w3.org/1999/02/22-rdf-syntax-ns#Property"/>
		<rdfs:label>TransformerEnd</rdfs:label>
		<rdfs:comment>All transformer ends having this core admittance.</rdfs:comment>
		<rdfs:domain rdf:resource="#TransformerCoreAdmittance"/>
		<rdfs:range rdf:resource="#TransformerEnd"/>
		<cims:multiplicity rdf:resource="http://iec.ch/TC57/1999/rdf-schema-extensions-19990926#M:0..n"/>
		<cims:inverseRoleName rdf:resource="#TransformerEnd.CoreAdmittance"/>
	</rdf:Description>
	<rdf:Description rdf:about="#Outage.Equipments">
		<rdf:type rdf:resource="http://www.w3.org/1999/02/22-rdf-syntax-ns#Property"/>
		<rdfs:label>Equipments</rdfs:label>
		<rdfs:comment>All equipments associated with this outage.</rdfs:comment>
		<rdfs:domain rdf:resource="#Outage"/>
		<rdfs:range rdf:resource="#Equipment"/>
		<cims:multiplicity rdf:resource="http://iec.ch/TC57/1999/rdf-schema-extensions-19990926#M:0..n"/>
		<cims:inverseRoleName rdf:resource="#Equipment.Outages"/>
	</rdf:Description>
	<rdf:Description rdf:about="#Terminal.TransformerEnd">
		<rdf:type rdf:resource="http://www.w3.org/1999/02/22-rdf-syntax-ns#Property"/>
		<rdfs:label>TransformerEnd</rdfs:label>
		<rdfs:comment>All transformer ends connected at this terminal.</rdfs:comment>
		<rdfs:domain rdf:resource="#Terminal"/>
		<rdfs:range rdf:resource="#TransformerEnd"/>
		<cims:multiplicity rdf:resource="http://iec.ch/TC57/1999/rdf-schema-extensions-19990926#M:0..n"/>
		<cims:inverseRoleName rdf:resource="#TransformerEnd.Terminal"/>
	</rdf:Description>
	<rdf:Description rdf:about="#TransformerMeshImpedance.FromTransformerEnd">
		<rdf:type rdf:resource="http://www.w3.org/1999/02/22-rdf-syntax-ns#Property"/>
		<rdfs:label>FromTransformerEnd</rdfs:label>
		<rdfs:comment>From end this mesh impedance is connected to. It determines the voltage reference.</rdfs:comment>
		<rdfs:domain rdf:resource="#TransformerMeshImpedance"/>
		<rdfs:range rdf:resource="#TransformerEnd"/>
		<cims:multiplicity rdf:resource="http://iec.ch/TC57/1999/rdf-schema-extensions-19990926#M:1"/>
		<cims:inverseRoleName rdf:resource="#TransformerEnd.FromMeshImpedance"/>
	</rdf:Description>
	<rdf:Description rdf:about="#TapChangerControl.TapChanger">
		<rdf:type rdf:resource="http://www.w3.org/1999/02/22-rdf-syntax-ns#Property"/>
		<rdfs:label>TapChanger</rdfs:label>
		<rdfs:comment>The tap changers that participates in this regulating tap control scheme.</rdfs:comment>
		<rdfs:domain rdf:resource="#TapChangerControl"/>
		<rdfs:range rdf:resource="#TapChanger"/>
		<cims:multiplicity rdf:resource="http://iec.ch/TC57/1999/rdf-schema-extensions-19990926#M:1..n"/>
		<cims:inverseRoleName rdf:resource="#TapChanger.TapChangerControl"/>
	</rdf:Description>
	<rdf:Description rdf:about="#TransformerMeshImpedance.ToTransformerEnd">
		<rdf:type rdf:resource="http://www.w3.org/1999/02/22-rdf-syntax-ns#Property"/>
		<rdfs:label>ToTransformerEnd</rdfs:label>
		<rdfs:comment>All transformer ends this mesh impedance is connected to.</rdfs:comment>
		<rdfs:domain rdf:resource="#TransformerMeshImpedance"/>
		<rdfs:range rdf:resource="#TransformerEnd"/>
		<cims:multiplicity rdf:resource="http://iec.ch/TC57/1999/rdf-schema-extensions-19990926#M:1..n"/>
		<cims:inverseRoleName rdf:resource="#TransformerEnd.ToMeshImpedance"/>
	</rdf:Description>
	<rdf:Description rdf:about="#BaseVoltage.ConductingEquipment">
		<rdf:type rdf:resource="http://www.w3.org/1999/02/22-rdf-syntax-ns#Property"/>
		<rdfs:label>ConductingEquipment</rdfs:label>
		<rdfs:comment>All conducting equipment with this base voltage.  Use only when there is no voltage level container used and only one base voltage applies.  For example, not used for transformers.</rdfs:comment>
		<rdfs:domain rdf:resource="#BaseVoltage"/>
		<rdfs:range rdf:resource="#ConductingEquipment"/>
		<cims:multiplicity rdf:resource="http://iec.ch/TC57/1999/rdf-schema-extensions-19990926#M:0..n"/>
		<cims:inverseRoleName rdf:resource="#ConductingEquipment.BaseVoltage"/>
	</rdf:Description>
	<rdf:Description rdf:about="#TransformerStarImpedance.TransformerEnd">
		<rdf:type rdf:resource="http://www.w3.org/1999/02/22-rdf-syntax-ns#Property"/>
		<rdfs:label>TransformerEnd</rdfs:label>
		<rdfs:comment>All transformer ends having this star impedance.</rdfs:comment>
		<rdfs:domain rdf:resource="#TransformerStarImpedance"/>
		<rdfs:range rdf:resource="#TransformerEnd"/>
		<cims:multiplicity rdf:resource="http://iec.ch/TC57/1999/rdf-schema-extensions-19990926#M:0..n"/>
		<cims:inverseRoleName rdf:resource="#TransformerEnd.StarImpedance"/>
	</rdf:Description>
	<rdf:Description rdf:about="#Control.PowerSystemResource">
		<rdf:type rdf:resource="http://www.w3.org/1999/02/22-rdf-syntax-ns#Property"/>
		<rdfs:label>PowerSystemResource</rdfs:label>
		<rdfs:comment>Regulating device governed by this control output.</rdfs:comment>
		<rdfs:domain rdf:resource="#Control"/>
		<rdfs:range rdf:resource="#PowerSystemResource"/>
		<cims:multiplicity rdf:resource="http://iec.ch/TC57/1999/rdf-schema-extensions-19990926#M:0..1"/>
		<cims:inverseRoleName rdf:resource="#PowerSystemResource.Controls"/>
	</rdf:Description>
	<rdf:Description rdf:about="#Outage.OutageIsolationEquipment">
		<rdf:type rdf:resource="http://www.w3.org/1999/02/22-rdf-syntax-ns#Property"/>
		<rdfs:label>OutageIsolationEquipment</rdfs:label>
		<rdfs:domain rdf:resource="#Outage"/>
		<rdfs:range rdf:resource="#ConductingEquipment"/>
		<cims:multiplicity rdf:resource="http://iec.ch/TC57/1999/rdf-schema-extensions-19990926#M:0..n"/>
		<cims:inverseRoleName rdf:resource="#ConductingEquipment.Outage"/>
	</rdf:Description>
	<rdf:Description rdf:about="#Fault.FaultyEquipment">
		<rdf:type rdf:resource="http://www.w3.org/1999/02/22-rdf-syntax-ns#Property"/>
		<rdfs:label>FaultyEquipment</rdfs:label>
		<rdfs:comment>Equipment carrying this fault.</rdfs:comment>
		<rdfs:domain rdf:resource="#Fault"/>
		<rdfs:range rdf:resource="#Equipment"/>
		<cims:multiplicity rdf:resource="http://iec.ch/TC57/1999/rdf-schema-extensions-19990926#M:0..1"/>
		<cims:inverseRoleName rdf:resource="#Equipment.Faults"/>
	</rdf:Description>
	<rdf:Description rdf:about="#ProtectionEquipment.ConductingEquipments">
		<rdf:type rdf:resource="http://www.w3.org/1999/02/22-rdf-syntax-ns#Property"/>
		<rdfs:label>ConductingEquipments</rdfs:label>
		<rdfs:comment>Protection equipment may be used to protect specific conducting equipment.</rdfs:comment>
		<rdfs:domain rdf:resource="#ProtectionEquipment"/>
		<rdfs:range rdf:resource="#ConductingEquipment"/>
		<cims:multiplicity rdf:resource="http://iec.ch/TC57/1999/rdf-schema-extensions-19990926#M:0..n"/>
		<cims:inverseRoleName rdf:resource="#ConductingEquipment.ProtectionEquipments"/>
	</rdf:Description>
	<rdf:Description rdf:about="#PhaseTapChanger.TransformerEnd">
		<rdf:type rdf:resource="http://www.w3.org/1999/02/22-rdf-syntax-ns#Property"/>
		<rdfs:label>TransformerEnd</rdfs:label>
		<rdfs:comment>Transformer end to which this phase tap changer belongs.</rdfs:comment>
		<rdfs:domain rdf:resource="#PhaseTapChanger"/>
		<rdfs:range rdf:resource="#TransformerEnd"/>
		<cims:multiplicity rdf:resource="http://iec.ch/TC57/1999/rdf-schema-extensions-19990926#M:1"/>
		<cims:inverseRoleName rdf:resource="#TransformerEnd.PhaseTapChanger"/>
	</rdf:Description>
	<rdf:Description rdf:about="#EquipmentUnavailabilitySchedule.Equipment">
		<rdf:type rdf:resource="http://www.w3.org/1999/02/22-rdf-syntax-ns#Property"/>
		<rdfs:label>Equipment</rdfs:label>
		<rdfs:domain rdf:resource="#EquipmentUnavailabilitySchedule"/>
		<rdfs:range rdf:resource="#Equipment"/>
		<cims:multiplicity rdf:resource="http://iec.ch/TC57/1999/rdf-schema-extensions-19990926#M:0..1"/>
		<cims:inverseRoleName rdf:resource="#Equipment.EquipmentUnavailabilitySchedule"/>
	</rdf:Description>
	<rdf:Description rdf:about="#AssetInfo.PowerSystemResources">
		<rdf:type rdf:resource="http://www.w3.org/1999/02/22-rdf-syntax-ns#Property"/>
		<rdfs:label>PowerSystemResources</rdfs:label>
		<rdfs:comment>All power system resources with this datasheet information.</rdfs:comment>
		<rdfs:domain rdf:resource="#AssetInfo"/>
		<rdfs:range rdf:resource="#PowerSystemResource"/>
		<cims:multiplicity rdf:resource="http://iec.ch/TC57/1999/rdf-schema-extensions-19990926#M:0..n"/>
		<cims:inverseRoleName rdf:resource="#PowerSystemResource.AssetDatasheet"/>
	</rdf:Description>
	<rdf:Description rdf:about="#Name.IdentifiedObject">
		<rdf:type rdf:resource="http://www.w3.org/1999/02/22-rdf-syntax-ns#Property"/>
		<rdfs:label>IdentifiedObject</rdfs:label>
		<rdfs:comment>Identified object that this name designates.</rdfs:comment>
		<rdfs:domain rdf:resource="#Name"/>
		<rdfs:range rdf:resource="#IdentifiedObject"/>
		<cims:multiplicity rdf:resource="http://iec.ch/TC57/1999/rdf-schema-extensions-19990926#M:1"/>
		<cims:inverseRoleName rdf:resource="#IdentifiedObject.Names"/>
	</rdf:Description>
	<rdf:Description rdf:about="#DiagramObject.IdentifiedObject">
		<rdf:type rdf:resource="http://www.w3.org/1999/02/22-rdf-syntax-ns#Property"/>
		<rdfs:label>IdentifiedObject</rdfs:label>
		<rdfs:comment>The domain object to which this diagram object is associated.</rdfs:comment>
		<rdfs:domain rdf:resource="#DiagramObject"/>
		<rdfs:range rdf:resource="#IdentifiedObject"/>
		<cims:multiplicity rdf:resource="http://iec.ch/TC57/1999/rdf-schema-extensions-19990926#M:0..1"/>
		<cims:inverseRoleName rdf:resource="#IdentifiedObject.DiagramObjects"/>
	</rdf:Description>
	<rdf:Description rdf:about="#LimitDependency.Equipment">
		<rdf:type rdf:resource="http://www.w3.org/1999/02/22-rdf-syntax-ns#Property"/>
		<rdfs:label>Equipment</rdfs:label>
		<rdfs:comment>The equipment for which this limit dependency model is organized under.</rdfs:comment>
		<rdfs:domain rdf:resource="#LimitDependency"/>
		<rdfs:range rdf:resource="#Equipment"/>
		<cims:multiplicity rdf:resource="http://iec.ch/TC57/1999/rdf-schema-extensions-19990926#M:0..1"/>
		<cims:inverseRoleName rdf:resource="#Equipment.LimitDependencyModel"/>
		<cims:stereotype rdf:resource="http://langdale.com.au/2005/UML#ofAggregate"/>
	</rdf:Description>
	<rdf:Description rdf:about="#EquipmentLimitSeriesComponent.Equipment">
		<rdf:type rdf:resource="http://www.w3.org/1999/02/22-rdf-syntax-ns#Property"/>
		<rdfs:label>Equipment</rdfs:label>
		<rdfs:comment>Equipment contributing toward the series limit.   The reference here is to Equipment rather than a specific limit on the equipment so the grouiping can be reused for multiple limits of different types on the same instance of equipment.</rdfs:comment>
		<rdfs:domain rdf:resource="#EquipmentLimitSeriesComponent"/>
		<rdfs:range rdf:resource="#Equipment"/>
		<cims:multiplicity rdf:resource="http://iec.ch/TC57/1999/rdf-schema-extensions-19990926#M:1"/>
		<cims:inverseRoleName rdf:resource="#Equipment.EqiupmentLimitSeriesComponent"/>
	</rdf:Description>
	<rdf:Description rdf:about="#BaseVoltage.TransformerEnds">
		<rdf:type rdf:resource="http://www.w3.org/1999/02/22-rdf-syntax-ns#Property"/>
		<rdfs:label>TransformerEnds</rdfs:label>
		<rdfs:comment>Transformer ends at the base voltage.  This is essential for PU calculation.</rdfs:comment>
		<rdfs:domain rdf:resource="#BaseVoltage"/>
		<rdfs:range rdf:resource="#TransformerEnd"/>
		<cims:multiplicity rdf:resource="http://iec.ch/TC57/1999/rdf-schema-extensions-19990926#M:0..n"/>
		<cims:inverseRoleName rdf:resource="#TransformerEnd.BaseVoltage"/>
	</rdf:Description>
	<rdf:Description rdf:about="#Asset.PowerSystemResources">
		<rdf:type rdf:resource="http://www.w3.org/1999/02/22-rdf-syntax-ns#Property"/>
		<rdfs:label>PowerSystemResources</rdfs:label>
		<rdfs:comment>All power system resources used to electrically model this asset. For example, transformer asset is electrically modelled with a transformer and its windings and tap changer.</rdfs:comment>
		<rdfs:domain rdf:resource="#Asset"/>
		<rdfs:range rdf:resource="#PowerSystemResource"/>
		<cims:multiplicity rdf:resource="http://iec.ch/TC57/1999/rdf-schema-extensions-19990926#M:0..n"/>
		<cims:inverseRoleName rdf:resource="#PowerSystemResource.Assets"/>
	</rdf:Description>
	<rdf:Description rdf:about="#WindingInsulation.FromWinding">
		<rdf:type rdf:resource="http://www.w3.org/1999/02/22-rdf-syntax-ns#Property"/>
		<rdfs:label>FromWinding</rdfs:label>
		<rdfs:domain rdf:resource="#WindingInsulation"/>
		<rdfs:range rdf:resource="#TransformerEnd"/>
		<cims:multiplicity rdf:resource="http://iec.ch/TC57/1999/rdf-schema-extensions-19990926#M:1"/>
		<cims:inverseRoleName rdf:resource="#TransformerEnd.FromWindingInsulations"/>
	</rdf:Description>
	<rdf:Description rdf:about="#InstanceSet.InstanceSetMember">
		<rdf:type rdf:resource="http://www.w3.org/1999/02/22-rdf-syntax-ns#Property"/>
		<rdfs:label>InstanceSetMember</rdfs:label>
		<rdfs:comment>Data objects contained in the dataset.</rdfs:comment>
		<rdfs:domain rdf:resource="#InstanceSet"/>
		<rdfs:range rdf:resource="#IdentifiedObject"/>
		<cims:multiplicity rdf:resource="http://iec.ch/TC57/1999/rdf-schema-extensions-19990926#M:0..n"/>
		<cims:inverseRoleName rdf:resource="#IdentifiedObject.InstanceSet"/>
	</rdf:Description>
	<rdf:Description rdf:about="#Location.PowerSystemResources">
		<rdf:type rdf:resource="http://www.w3.org/1999/02/22-rdf-syntax-ns#Property"/>
		<rdfs:label>PowerSystemResources</rdfs:label>
		<rdfs:comment>All power system resources at this location.</rdfs:comment>
		<rdfs:domain rdf:resource="#Location"/>
		<rdfs:range rdf:resource="#PowerSystemResource"/>
		<cims:multiplicity rdf:resource="http://iec.ch/TC57/1999/rdf-schema-extensions-19990926#M:0..n"/>
		<cims:inverseRoleName rdf:resource="#PowerSystemResource.Location"/>
	</rdf:Description>
	<rdf:Description rdf:about="#EquipmentContainer.Equipments">
		<rdf:type rdf:resource="http://www.w3.org/1999/02/22-rdf-syntax-ns#Property"/>
		<rdfs:label>Equipments</rdfs:label>
		<rdfs:comment>Contained equipment.</rdfs:comment>
		<rdfs:domain rdf:resource="#EquipmentContainer"/>
		<rdfs:range rdf:resource="#Equipment"/>
		<cims:multiplicity rdf:resource="http://iec.ch/TC57/1999/rdf-schema-extensions-19990926#M:0..n"/>
		<cims:inverseRoleName rdf:resource="#Equipment.EquipmentContainer"/>
		<cims:stereotype rdf:resource="http://langdale.com.au/2005/UML#aggregateOf"/>
	</rdf:Description>
	<rdf:Description rdf:about="#WindingInsulation.ToWinding">
		<rdf:type rdf:resource="http://www.w3.org/1999/02/22-rdf-syntax-ns#Property"/>
		<rdfs:label>ToWinding</rdfs:label>
		<rdfs:domain rdf:resource="#WindingInsulation"/>
		<rdfs:range rdf:resource="#TransformerEnd"/>
		<cims:multiplicity rdf:resource="http://iec.ch/TC57/1999/rdf-schema-extensions-19990926#M:1"/>
		<cims:inverseRoleName rdf:resource="#TransformerEnd.ToWindingInsulations"/>
	</rdf:Description>
	<rdf:Description rdf:about="#ChangeSetMember.TargetObject">
		<rdf:type rdf:resource="http://www.w3.org/1999/02/22-rdf-syntax-ns#Property"/>
		<rdfs:label>TargetObject</rdfs:label>
		<rdfs:comment>The registered CIM object.</rdfs:comment>
		<rdfs:domain rdf:resource="#ChangeSetMember"/>
		<rdfs:range rdf:resource="#IdentifiedObject"/>
		<cims:multiplicity rdf:resource="http://iec.ch/TC57/1999/rdf-schema-extensions-19990926#M:1"/>
		<cims:inverseRoleName rdf:resource="#IdentifiedObject.TargetingCIMDataObject"/>
	</rdf:Description>
	<rdf:Description rdf:about="#Measurement.PowerSystemResource">
		<rdf:type rdf:resource="http://www.w3.org/1999/02/22-rdf-syntax-ns#Property"/>
		<rdfs:label>PowerSystemResource</rdfs:label>
		<rdfs:comment>The power system resource that contains the measurement.</rdfs:comment>
		<rdfs:domain rdf:resource="#Measurement"/>
		<rdfs:range rdf:resource="#PowerSystemResource"/>
		<cims:multiplicity rdf:resource="http://iec.ch/TC57/1999/rdf-schema-extensions-19990926#M:0..1"/>
		<cims:inverseRoleName rdf:resource="#PowerSystemResource.Measurements"/>
		<cims:stereotype rdf:resource="http://langdale.com.au/2005/UML#ofAggregate"/>
	</rdf:Description>
	<rdf:Description rdf:about="#ChangeSetMember.PropertiesObject">
		<rdf:type rdf:resource="http://www.w3.org/1999/02/22-rdf-syntax-ns#Property"/>
		<rdfs:label>PropertiesObject</rdfs:label>
		<rdfs:comment>The CIM object holding the properties of this dataset context.   Sometimes properties are not required and only the reference to the registered object is required.</rdfs:comment>
		<rdfs:domain rdf:resource="#ChangeSetMember"/>
		<rdfs:range rdf:resource="#IdentifiedObject"/>
		<cims:multiplicity rdf:resource="http://iec.ch/TC57/1999/rdf-schema-extensions-19990926#M:0..1"/>
		<cims:inverseRoleName rdf:resource="#IdentifiedObject.PropertiesCIMDataObject"/>
	</rdf:Description>
	<rdf:Description rdf:about="#ContingencyEquipment.Equipment">
		<rdf:type rdf:resource="http://www.w3.org/1999/02/22-rdf-syntax-ns#Property"/>
		<rdfs:label>Equipment</rdfs:label>
		<rdfs:comment>The single piece of equipment to which to apply the contingency.</rdfs:comment>
		<rdfs:domain rdf:resource="#ContingencyEquipment"/>
		<rdfs:range rdf:resource="#Equipment"/>
		<cims:multiplicity rdf:resource="http://iec.ch/TC57/1999/rdf-schema-extensions-19990926#M:1"/>
		<cims:inverseRoleName rdf:resource="#Equipment.ContingencyEquipment"/>
	</rdf:Description>
	<rdf:Description rdf:about="#ReportingGroup.PowerSystemResource">
		<rdf:type rdf:resource="http://www.w3.org/1999/02/22-rdf-syntax-ns#Property"/>
		<rdfs:label>PowerSystemResource</rdfs:label>
		<rdfs:comment>Power system resources which belong to this reporting group.</rdfs:comment>
		<rdfs:domain rdf:resource="#ReportingGroup"/>
		<rdfs:range rdf:resource="#PowerSystemResource"/>
		<cims:multiplicity rdf:resource="http://iec.ch/TC57/1999/rdf-schema-extensions-19990926#M:0..n"/>
		<cims:inverseRoleName rdf:resource="#PowerSystemResource.ReportingGroup"/>
	</rdf:Description>
	<rdf:Description rdf:about="#UsagePoint.Equipments">
		<rdf:type rdf:resource="http://www.w3.org/1999/02/22-rdf-syntax-ns#Property"/>
		<rdfs:label>Equipments</rdfs:label>
		<rdfs:comment>All equipment connecting this usage point to the electrical grid.</rdfs:comment>
		<rdfs:domain rdf:resource="#UsagePoint"/>
		<rdfs:range rdf:resource="#Equipment"/>
		<cims:multiplicity rdf:resource="http://iec.ch/TC57/1999/rdf-schema-extensions-19990926#M:0..n"/>
		<cims:inverseRoleName rdf:resource="#Equipment.UsagePoints"/>
	</rdf:Description>
	<rdf:Description rdf:about="#Package_GenericDataSet">
		<rdf:type rdf:resource="http://iec.ch/TC57/1999/rdf-schema-extensions-19990926#ClassCategory"/>
		<rdfs:label>GenericDataSet</rdfs:label>
		<rdfs:comment>Contains classes used for generic dataset modelling.</rdfs:comment>
		<cims:belongsToCategory rdf:resource="#Package_Part303"/>
	</rdf:Description>
	<rdf:Description rdf:about="#Package_InfIEC61968">
		<rdf:type rdf:resource="http://iec.ch/TC57/1999/rdf-schema-extensions-19990926#ClassCategory"/>
		<rdfs:label>InfIEC61968</rdfs:label>
		<rdfs:comment>This package and its subpackages contain informative (unstable) elements of the model, expected to evolve a lot or to be removed, and not published as IEC document yet. Some portions of it will be reworked and moved to normative packages as the need arises, and some portions may be removed.
WG14 does not generate documentation for this informative portion of the model.</rdfs:comment>
		<cims:belongsToCategory rdf:resource="#Package_IEC61968"/>
	</rdf:Description>
	<rdf:Description rdf:about="#Package_Base">
		<rdf:type rdf:resource="http://iec.ch/TC57/1999/rdf-schema-extensions-19990926#ClassCategory"/>
		<rdfs:label>Base</rdfs:label>
		<rdfs:comment>Content of the base CIM published as IEC 61970-301.</rdfs:comment>
		<cims:belongsToCategory rdf:resource="#Package_IEC61970"/>
	</rdf:Description>
	<rdf:Description rdf:about="#Package_InfSIPS">
		<rdf:type rdf:resource="http://iec.ch/TC57/1999/rdf-schema-extensions-19990926#ClassCategory"/>
		<rdfs:label>InfSIPS</rdfs:label>
		<rdfs:comment>System Integrity Protection Schemes (SIPS) (IEC terminology). Other names used are: Remedial Action Schemes (RAS) or System Protection Schemes (SPS).</rdfs:comment>
		<cims:belongsToCategory rdf:resource="#Package_InfIEC61970"/>
	</rdf:Description>
	<rdf:Description rdf:about="#Package_DiagramLayout">
		<rdf:type rdf:resource="http://iec.ch/TC57/1999/rdf-schema-extensions-19990926#ClassCategory"/>
		<rdfs:label>DiagramLayout</rdfs:label>
		<rdfs:comment>This package describes diagram layout. This describes how objects are arranged in a coordinate system rather than how they are rendered.</rdfs:comment>
		<cims:belongsToCategory rdf:resource="#Package_Base"/>
	</rdf:Description>
	<rdf:Description rdf:about="#Package_Operations">
		<rdf:type rdf:resource="http://iec.ch/TC57/1999/rdf-schema-extensions-19990926#ClassCategory"/>
		<rdfs:label>Operations</rdfs:label>
		<rdfs:comment>This package contains the core information classes that support operations and outage management applications.</rdfs:comment>
		<cims:belongsToCategory rdf:resource="#Package_IEC61968"/>
	</rdf:Description>
	<rdf:Description rdf:about="#Package_OperationalLimits">
		<rdf:type rdf:resource="http://iec.ch/TC57/1999/rdf-schema-extensions-19990926#ClassCategory"/>
		<rdfs:label>OperationalLimits</rdfs:label>
		<rdfs:comment>This package models a specification of limits associated with equipment and other operational entities.</rdfs:comment>
		<cims:belongsToCategory rdf:resource="#Package_Base"/>
	</rdf:Description>
	<rdf:Description rdf:about="#Package_Wires">
		<rdf:type rdf:resource="http://iec.ch/TC57/1999/rdf-schema-extensions-19990926#ClassCategory"/>
		<rdfs:label>Wires</rdfs:label>
		<rdfs:comment>An extension to the Core and Topology package that models information on the electrical characteristics of Transmission and Distribution networks. This package is used by network applications such as State Estimation, Load Flow and Optimal Power Flow.</rdfs:comment>
		<cims:belongsToCategory rdf:resource="#Package_Base"/>
	</rdf:Description>
	<rdf:Description rdf:about="#Package_Meas">
		<rdf:type rdf:resource="http://iec.ch/TC57/1999/rdf-schema-extensions-19990926#ClassCategory"/>
		<rdfs:label>Meas</rdfs:label>
		<rdfs:comment>Contains entities that describe dynamic measurement data exchanged between applications.</rdfs:comment>
		<cims:belongsToCategory rdf:resource="#Package_Base"/>
	</rdf:Description>
	<rdf:Description rdf:about="#Package_StateVariables">
		<rdf:type rdf:resource="http://iec.ch/TC57/1999/rdf-schema-extensions-19990926#ClassCategory"/>
		<rdfs:label>StateVariables</rdfs:label>
		<rdfs:comment>State variables for analysis solutions such as powerflow.</rdfs:comment>
		<cims:belongsToCategory rdf:resource="#Package_Base"/>
	</rdf:Description>
	<rdf:Description rdf:about="#Package_Part303">
		<rdf:type rdf:resource="http://iec.ch/TC57/1999/rdf-schema-extensions-19990926#ClassCategory"/>
		<rdfs:label>Part303</rdfs:label>
		<rdfs:comment>Part of the canonical CIM published as IEC 61970-303.</rdfs:comment>
		<cims:belongsToCategory rdf:resource="#Package_InfIEC61970"/>
	</rdf:Description>
	<rdf:Description rdf:about="#Package_InfAvailabilityPlans">
		<rdf:type rdf:resource="http://iec.ch/TC57/1999/rdf-schema-extensions-19990926#ClassCategory"/>
		<rdfs:label>InfAvailabilityPlans</rdfs:label>
		<rdfs:comment>Contains the planned schedules for equipment availability, primarily intended for future studies.</rdfs:comment>
		<cims:belongsToCategory rdf:resource="#Package_InfIEC61970"/>
	</rdf:Description>
	<rdf:Description rdf:about="#Package_InfIEC61970">
		<rdf:type rdf:resource="http://iec.ch/TC57/1999/rdf-schema-extensions-19990926#ClassCategory"/>
		<rdfs:label>InfIEC61970</rdfs:label>
		<rdfs:comment>This package and its subpackages contain informative (unstable) elements of the model, expected to evolve a lot or to be removed, and not published as IEC document yet. Some portions of it will be reworked and moved to normative packages as the need arises, and some portions may be removed.
WG13 does not generate documentation for this informative portion of the model.</rdfs:comment>
		<cims:belongsToCategory rdf:resource="#Package_IEC61970"/>
	</rdf:Description>
	<rdf:Description rdf:about="#Package_PowerTransformer">
		<rdf:type rdf:resource="http://iec.ch/TC57/1999/rdf-schema-extensions-19990926#ClassCategory"/>
		<rdfs:label>PowerTransformer</rdfs:label>
	</rdf:Description>
	<rdf:Description rdf:about="#Package_InfOperationalLimits">
		<rdf:type rdf:resource="http://iec.ch/TC57/1999/rdf-schema-extensions-19990926#ClassCategory"/>
		<rdfs:label>InfOperationalLimits</rdfs:label>
		<rdfs:comment>The description of computed or dynamic limits.
These classes would likely go into the OperationalLimits package.</rdfs:comment>
		<cims:belongsToCategory rdf:resource="#Package_InfIEC61970"/>
	</rdf:Description>
	<rdf:Description rdf:about="#Package_IEC61970">
		<rdf:type rdf:resource="http://iec.ch/TC57/1999/rdf-schema-extensions-19990926#ClassCategory"/>
		<rdfs:label>IEC61970</rdfs:label>
		<rdfs:comment>Top package for IEC 61970.</rdfs:comment>
	</rdf:Description>
	<rdf:Description rdf:about="#Package_Core">
		<rdf:type rdf:resource="http://iec.ch/TC57/1999/rdf-schema-extensions-19990926#ClassCategory"/>
		<rdfs:label>Core</rdfs:label>
	</rdf:Description>
	<rdf:Description rdf:about="#Package_Core">
		<rdf:type rdf:resource="http://iec.ch/TC57/1999/rdf-schema-extensions-19990926#ClassCategory"/>
		<rdfs:label>Core</rdfs:label>
		<rdfs:comment>Contains the core PowerSystemResource and ConductingEquipment entities shared by all applications plus common collections of those entities. Not all applications require all the Core entities.  This package does not depend on any other package except the Domain package, but most of the other packages have associations and generalizations that depend on it.</rdfs:comment>
		<cims:belongsToCategory rdf:resource="#Package_Base"/>
	</rdf:Description>
	<rdf:Description rdf:about="#Package_Protection">
		<rdf:type rdf:resource="http://iec.ch/TC57/1999/rdf-schema-extensions-19990926#ClassCategory"/>
		<rdfs:label>Protection</rdfs:label>
		<rdfs:comment>An extension to the Core and Wires packages that models information for protection equipment such as relays. These entities are used within training simulators and distribution network fault location applications.</rdfs:comment>
		<cims:belongsToCategory rdf:resource="#Package_Base"/>
	</rdf:Description>
	<rdf:Description rdf:about="#Package_Faults">
		<rdf:type rdf:resource="http://iec.ch/TC57/1999/rdf-schema-extensions-19990926#ClassCategory"/>
		<rdfs:label>Faults</rdfs:label>
		<rdfs:comment>The package describes faults that may happen to conducting equipment, e.g. tree falling on a power line.</rdfs:comment>
		<cims:belongsToCategory rdf:resource="#Package_Base"/>
	</rdf:Description>
	<rdf:Description rdf:about="#Package_Contingency">
		<rdf:type rdf:resource="http://iec.ch/TC57/1999/rdf-schema-extensions-19990926#ClassCategory"/>
		<rdfs:label>Contingency</rdfs:label>
		<rdfs:comment>Contingencies to be studied.</rdfs:comment>
		<cims:belongsToCategory rdf:resource="#Package_Base"/>
	</rdf:Description>
	<rdf:Description rdf:about="#Package_Domain">
		<rdf:type rdf:resource="http://iec.ch/TC57/1999/rdf-schema-extensions-19990926#ClassCategory"/>
		<rdfs:label>Domain</rdfs:label>
		<rdfs:comment>The domain package defines primitive datatypes that are used by classes in other packages. Stereotypes are used to describe the datatypes. The following stereotypes are defined:
&amp;lt;&amp;lt;enumeration&amp;gt;&amp;gt; A list of permissible constant values.
&amp;lt;&amp;lt;Primitive&amp;gt;&amp;gt; The most basic data types used to compose all other data types.
&amp;lt;&amp;lt;CIMDatatype&amp;gt;&amp;gt; A datatype that contains a value attribute, an optional unit of measure and a unit multiplier. The unit and multiplier may be specified as a static variable initialized to the allowed value.
&amp;lt;&amp;lt;Compound&amp;gt;&amp;gt; A composite of Primitive, enumeration, CIMDatatype or other Compound classes, as long as the Compound classes do not recurse.
For all datatypes both positive and negative values are allowed unless stated otherwise for a particular datatype.</rdfs:comment>
		<cims:belongsToCategory rdf:resource="#Package_Base"/>
	</rdf:Description>
	<rdf:Description rdf:about="#Package_IEC61968">
		<rdf:type rdf:resource="http://iec.ch/TC57/1999/rdf-schema-extensions-19990926#ClassCategory"/>
		<rdfs:label>IEC61968</rdfs:label>
		<rdfs:comment>The IEC 61968 subpackages of the CIM are developed, standardized and maintained by IEC TC57 Working Group 14: interfaces for distribution management (WG14).
Currently, normative parts of the model support the needs of information exchange defined in IEC 61968-3, IEC 61968-4, IEC 61968-9 and in IEC 61968-13.</rdfs:comment>
	</rdf:Description>
	<rdf:Description rdf:about="#Package_Metering">
		<rdf:type rdf:resource="http://iec.ch/TC57/1999/rdf-schema-extensions-19990926#ClassCategory"/>
		<rdfs:label>Metering</rdfs:label>
		<rdfs:comment>This package contains the core information classes that support end device applications with specialized classes for metering and premises area network devices, and remote reading functions. These classes are generally associated with the point where a service is delivered to the customer.</rdfs:comment>
		<cims:belongsToCategory rdf:resource="#Package_IEC61968"/>
	</rdf:Description>
	<rdf:Description rdf:about="#Package_Assets">
		<rdf:type rdf:resource="http://iec.ch/TC57/1999/rdf-schema-extensions-19990926#ClassCategory"/>
		<rdfs:label>Assets</rdfs:label>
		<rdfs:comment>This package contains the core information classes that support asset management applications that deal with the physical and lifecycle aspects of various network resources (as opposed to power system resource models defined in IEC61970::Wires package, which support network applications).</rdfs:comment>
		<cims:belongsToCategory rdf:resource="#Package_IEC61968"/>
	</rdf:Description>
	<rdf:Description rdf:about="#Package_InfAssets">
		<rdf:type rdf:resource="http://iec.ch/TC57/1999/rdf-schema-extensions-19990926#ClassCategory"/>
		<rdfs:label>InfAssets</rdfs:label>
		<rdfs:comment>The package is used to define asset-level models for objects. Assets may be comprised of other assets and may have relationships to other assets. Assets also have owners and values. Assets may also have a relationship to a PowerSystemResource in the Wires model.

TODO: The following has been copied from a very old version of draft Part 11, so the references are wrong, but we store the knowledge here to reuse later:
"Assets are the basic units which define a physical infrastructure. PowerSystemResources are logical objects meaningful to operations which are constructed from one or more Assets, although PowerSystemResources are not required to specifiy their component Assets.
The Asset package is comprosed of several packages. The key concepts of an Asset are as follows:
&lt;ul&gt;
	&lt;li&gt;Assets can have names, through inheritance to the Naming package&lt;/li&gt;
	&lt;li&gt;Assets are physical entities which have a lifecycle&lt;/li&gt;
	&lt;li&gt;One or more assets can be associated to create a PowerSystemResource&lt;/li&gt;
	&lt;li&gt;Assets can be grouped (aggregated) with other Assets&lt;/li&gt;
	&lt;li&gt;Assets are typically either 'point' or 'linear' assets, which relate to physical geometry&lt;/li&gt;
	&lt;li&gt;Assets have a close relationship to Work as a consequence of their lifecycle&lt;/li&gt;
&lt;/ul&gt;
The following sections describe the packages in the Assets package.
The AssetBasics package defines the relationship between Asset and other classes, such as Organization, PowerSystemResource and Document.
Point assets are those assets whose physical location can be described in terms of a single coordinate, such as a pole or a switch.
Linear assets are those assets whose physical location is best described in terms of a line, plyline or polygon.
Asset work triggers are used to determine when inspection and/or maintenance are required for assets".</rdfs:comment>
		<cims:belongsToCategory rdf:resource="#Package_InfIEC61968"/>
	</rdf:Description>
	<rdf:Description rdf:about="#Package_Common">
		<rdf:type rdf:resource="http://iec.ch/TC57/1999/rdf-schema-extensions-19990926#ClassCategory"/>
		<rdfs:label>Common</rdfs:label>
		<rdfs:comment>This package contains the information classes that support distribution management in general.</rdfs:comment>
		<cims:belongsToCategory rdf:resource="#Package_IEC61968"/>
	</rdf:Description>
</rdf:RDF>
